5 758860420803799484
70 4750295006384364411
70 7051874206902824182
13
87 1997675621803307641
2
23
93
18 7282879978020820396
8
38
28 4925431352774202174
59
53
36
39
22 4710025459784734870
8 4476437608574368514
25
59 D
80
93
34 7090559918343217207
62 D
41
67 940806609880327905
81
56
11 D
17 4991475826459191561
65
24
50
14
26
46 8135497887330847949
3
97
58 9163477216842302628
54 D
8 D
96
52
49 2148311005994849510
17
30
66
55 424443604499565354
59 1007946801358750512
84
83
60
71
100 6218104929370157606
71 4453485034189138310
35 7104021484040484872
19
50
69 6894978238615447263
38 284278812748110585
91 8043386385834666765
55
4 255949495599355945
66
64 4644420800036123810
12
73 1834651875965493403
71
19
88
67
79
41
66 6662344396625263045
76 D
87
57 D
6
84 8615901413530651800
82
96
78
30 8641676965789834708
78 75583781366733411
10 7466358839289526141
100 6966365496755209882
43
53 D
37
75 3890535833290202065
95
65
4
62 2013561759488408682
6
84
73
62 7272719967094121504
8
17
31
71
49 8197418828143748765
65 5404662511352863495
44
81
22
12 D
91 6421870313648228277
13
73
92
38 382514470313342778
91
47 3466835595785957154
40
92
72
12
25 D
23
60
49 3427379874811757304
41 D
65
81
50
35 3477178435121153015
66
67
97 7701237351121535924
76
49 D
60
61 1802542130155004762
9
60
21 D
88
12 441593782562664449
69
41
69
24 3142700434446727636
78 D
71 D
14 D
70 7284834580037287011
93
81 2162645152948031754
26
46 5200182061645166044
78
40 D
34 2247109937509743297
45 6669510033193807073
15 4866427325425088946
14 3247224836047956679
53
51
7
82 D
70 8429195859011921334
18
98 2219913825618516602
83 D
8
24 4162311003936459637
19 6486258730345620654
14
29
11
17
47 3835809115758825807
58 2666812382213660807
82 D
40
49 D
92
25 2002418369436019242
22
100 2769599570185187668
87 D
14
75 6036971731860553019
29
47 996627458086657723
37
46 3667309418598643097
45
72 3628537592006203135
89
34
47 108075899184565576
15 3164989801144461663
55 7624052325912565753
89 2708321509399739002
33
51 9183060809295380705
34
68
71 5134407389176195364
42
59
52 5063051034082878490
70 1127632157203790391
23
62
59 D
16
99 542455711794333112
93 1954098850989629535
14 D
90
29
74
70
74
69 4484402503598040479
20
19 6970829798946389290
7
12
77
69 2627555380618545672
0
84 D
4
12
65
46 6949299065588379638
92
31 522159569696445065
56 323878652592791017
56 D
98
19 7135759363488063306
0
73
63 3165890768386168908
43 4076556577174182492
93
10 2411507128900872033
29
64 6062046014773833458
31
6 8654055728322782576
86 5909272113714826365
79
67 D
80
100 998009179761903105
56 8300320213315959328
47 7623882886722999952
60
51
15 6691802881902224449
58 9079112966150239963
26 8897299339227443762
37
49
43 4334066853128576485
100 53666823632220394
53
78
88
60
48 D
57 8889863033391818871
35
43 D
73
73
73
53
84
6
88
6 D
61 2084118839324194046
26
95 3223673135798322834
93 8947465654444747121
56
11
27 7642277029093790322
80
9 773566126201016673
76
23 D
20
30 D
91 D
4 D
39 D
71 D
95
87 5601821258200138425
3
85
80
35 7109712135584331142
35
33
2 D
8
29 6312470356741679718
55 2090060375460508937
47
72
35 1135841755596922560
43 1660154152238434843
64
45
41
19
99
35 D
25
10 1523845430397482220
39
47 4767347113296224270
90 3349237319658358258
40
94
90 7545553131808207359
69
74 D
43
7
31 7935633746251539563
74 241180362545987160
12
62 3677081228007255263
62
53 7898743034669707686
27 1611820184938091332
65 6186401134256197112
75 9092793153469187080
12 3238893043493024221
11
49
62
63 6542187642555009911
58 1499888498588220924
69
99
63
26
27 D
90 7863534807020109792
26 4397939818431641540
90 8793922347719260166
27 D
59 D
74
27
30
44 6577315987576430161
99
64 D
53 938654963933908298
84 2290332397030501944
94
62
8 3186504021320939338
89
44 1409694329811737564
2 3127642001339925221
48
33 7712130941593569240
33
5
29
1 2767172947139825590
63
100
30
95
36
89
4
2 D
20 D
92 1513369896191408104
100 7633157744760643320
90
61 D
93 380162631665564645
11
99 5006520609080203957
63 6726867917341868959
64
26
85 4987308410493644417
47 230347171980391540
69 D
86 7867234499795624056
66 2532702939248188158
53
60 D
5
48
73 1856172999795576492
82
44
74 D
40
5 5854916494945841656
98
59
24
56 3451828288455321708
22
68 3355645465668186779
75 4069988319997379892
88
58
68 7446349494844892201
56 1235439516743353970
55
6 D
35 D
15
100
17
49
81 8786361228371289991
79
45
32
37 1264774202878870526
31
83 7361135249811507772
34 2893542218984120468
15 2840421185744890560
33
8
63 8382901653699410045
85 1548928981289425334
16 2488478060929121571
83
6
36 5905504838124934544
0 3640733301101720971
56 9090196326871721186
33 8979967578150368494
28 2128945629823994787
17 6980224503093214784
16
96 7795678517331669801
61
33
82 1610965779504169695
78
25
39 7240627474120684533
80
62
22 D
69 6227019837960744145
46
64
10
100
57 D
63
27 D
16
37
25
23
36
81
73 D
3 3803266155683332872
71 1559314629901310361
26 682712083585714721
6
78
2
48
79
96 8620183334626623867
11 2109885642783040345
56 2662441874745051496
36 5117947640130914938
14
94 8722304653691285656
30
82
59 8370596644711532227
20
34 2617418923458018375
79 7693652569470364294
86
77 3218166785329209392
45 D
91
78
17 371815115284753006
52
89 7962008885164301745
26 7991984045923105216
73
80
73 D
21 1060707609605147227
38
10 9219908197270307380
80
62 1869032247878686955
37
81
59
50 3537589786302818815
43
85 8584922686597602650
33 D
47 6943580531382275322
27 D
19
62 1549860859072780163
24 6992845737529896784
3
83
90 583987611755144982
82 6759783522622199770
99
48
19
6 D
25 7112930918601088507
13
17 6723659494986084572
0 5538590275103376611
24 D
42 5106510919437838202
55 5859096543651023705
74
81 407044483500951932
51
10 3426277550479523808
70 3539789226054434132
95 4027204621856724431
43 7588669265124535962
29
71
9
4 2275968378492355081
82
63
68
97
25 D
27 2623674427443737608
7 D
57 6464688405434072639
35
24 2547721258392822480
90
25
44 8015035484720900835
0 3223450714792811447
73 6871309458601624244
51 4829819686409972660
32 3215477874222149546
21
69 5177120035395938759
86 7559635015519150578
93
27
71
24
53 8402584561419720320
0 860792922945606115
81
17
87 8693891579346713869
0 5326312250331780588
59 D
60
79 D
80 3829687726235676714
50 4141425078334132749
25 4554568974107061883
60
53 4103203849874221245
52
22
64
75 D
86
23
47 2836519938862056316
29
34 D
3
26
39
93
45 5212954258045972920
59
76
94
50 7758933929842684436
8
10
89
95 D
75 D
39
86 6697124497022745236
82 D
55 5780133471969393143
50
48 6975134549658267701
18
39 7992028053433134229
43
28
67
3
77 8802773884089074515
69
51
65
38 D
37
46
34
14
73
2 8575663002606165059
75
62 D
52
98
21
9
74 5930595171207113099
42 3294195866650467174
73 D
46
45
97 9204141190076356243
53 4530039670413361144
94
30 9142740619471095245
99
35 8847628293420636439
37
84 7958564162104383513
93
53 1245720481805567306
36 D
33
4
75 1522877834233632874
67
6
23
18
24 D
56
42
75
61 3497536332727549979
86 D
7 3733687733328623147
62
4
84 3322756374127463617
47
86 5570891988924818948
89
25
23
16
64
78 2009961378107248262
39 7011227382798185836
31 1834206528504841667
51
26 D
94 4234781342550279379
89 8963433160011104112
31
97
15 7505937355824647522
72 8623225977431329554
64 6655668107324966128
16 3180154502858039810
33 1678443992495080528
9 D
69
66
94 9153768943681417772
98
27
65 8005565093566762632
98 D
79
42 4834540743022344962
50
38
40
46 2024940176749077198
36
52 7782427282519785821
22
8
61
40
83
9 2231946330136592383
71
15 1035935037232492220
54 5618135770892877704
51 6929316439818410201
89 D
27 1481117297618685894
9
98 D
39
7
66
85 5375175773680700130
76
8
76 6947703817479706845
0 1184758725657926936
7 D
83
5
86
55
42
75
16 D
36 1728286720983881956
32
17
19
31
70
13
85
25 5885845746183458709
30
53 3364105610595405442
0 8358627835855842819
87 2266019657793523965
71
58
9
9
57 D
71
62
22
15 7675762570148891770
70 6897135360042272041
66
31 255057936467450144
34
71
4 4932468888576492051
25
51
48
74
11 4356082753047734402
3
5
42 D
45 7705694185525745302
93 6420617361589837406
86
43
29
85 D
66 7351320522824905218
17 6414181248829101554
92 1216366033933782630
5
90 8547665629949527386
75
54 5744126871588506916
9
70 6237491732621101838
34
0 4726940775661617918
55 D
82
19 D
81
16 D
81
91 D
28 D
39 3664076636403969045
72
88 D
17
75
40
17
100
82
56 D
43
34
4
88
57 1121271643867369912
17
91 1536435509129897712
11
97 D
81
34
73 D
74
21
49
87
63 856460548509206534
47 3264223715096595735
98
58
71
59 7298063020498450862
1 D
64 4776669281239192685
63 2193644930279567746
8
46 8529762922284741996
89
71 3782899872109835030
32
8
20 6564017181018194175
77 D
14
68
59 D
32
39
24 1124782206991254869
70 8073600495323848961
72
24 D
89 1156042079306917785
69 1059811482972802152
69
43 5507098848630473334
16
67
73
59 D
97 1391856243103675019
17 1480901171578563402
98
87
6 D
90
63
25 D
30 1043587570466187112
51 5672631685087276379
18 D
88
67
97
91 1094970363972024083
94
30 2039789971207282680
4
50 6542699995201128456
37 3542659209417468027
43
100
15 813048769773174486
50
1 D
23 D
86 1241169965897610344
40
3
50
27 5805271028752084037
3 3871393281655406186
40 D
14 D
98
74 1611437665682717879
5
19 8393005132424471270
64
90
81
75
86 6742922950496489244
91
15 6282479782773979125
40
28
89
74
85 3334769465999679453
8 321281421199864901
58 D
19
39 D
21 302695563791907097
5 247781990874302534
11 5466167075611092921
87 D
39 8924248124990760300
69
13 1967623781682028008
2 2609196475737216750
64
89 823551726612375386
78
0
100 7197096578879688990
9 D
15
3
93
17
88 8275394997404267540
88 6117563763655023269
70
57 8127800840890328666
41 D
93
27 1498490955922285135
27 2107980006281909676
14
27
86
57 1821388444372497678
64
93 6107959825401285089
95 D
92
55
70
10 D
67
2
86 D
98
14
85
49 2327345774387713392
21 D
2
83
84 8503218204347319270
62 3003420763464170344
44
91
44 D
4
98
3
64 540791708027072739
59 2276870938975349999
64 574096637187296331
56
78
8 856974753033391436
43 8355826989849943438
20
51 6932380829560844782
38 9128957535870555628
68
10
24 3199573008754466925
88
38 8908309720126862860
15
78 9029166148218640556
93 1234222257082284646
72
39 5307558731963189801
30
16 6131085604122061949
84
20 4461800199211119863
16 6823863195854027056
36
89
79
71
96
54
12 8814925155675547454
22 1495321853360693893
63
18
26 8158984682009395195
24 674511465800876867
74
12 5018016190944510984
49
43 2504312393558112976
66
64
100
65 6903543160483761167
86
40 6597886554098830759
67
47
61 5136355409699227320
91
75 D
28 5914882677857805284
99 6052683845111550816
54 1661759794007592611
52
40
43 8285069649295108699
100 4610826864586060181
43 8190559575332566788
52
4 7549153798865428014
11
12 D
86 5295234280925418962
48 D
36
89
24
98
21 7924308623677045698
27
72
99
44
85 D
38
73
91 8484777487123226214
63
10 398719484585324702
7 8684656854754050246
36 1953964262646332189
100 6550634016314468853
45 7201825573504935974
30
73
47
96 4887877162288914844
78
28 3639555394686267333
5 D
99
46
43 959590066566338244
52
34 2443796428700419525
59 D
2 D
88
52
89
4
48
46 1752959813335792098
51
31
0
20 8705998325021059284
81 D
18
2
48
53 245918205913505117
93 3189837434152613892
31 1817759549768421107
37 2575745824370774020
97
28
66 7463641099357960472
74 6175766895284158529
68
92
59 4455334841678993646
92
39 D
66
86
4
38
46 2347652802597887743
36 9022972615706497116
74 5992501644976142487
21 5831144184325441401
87 872561205968671155
31
34
36
11 3673418935527437662
99
59 4548284212965442138
54
38 4810642345733493335
16
62
47
17 7494971017892676293
11
10
75
93 7972583685825981954
76
44
68 4316725348121543532
5 2722895196718785955
21 8057782622654221366
16
50 8479196053339971216
73 4112785914741189308
45
30
55
88 2698729848572955944
90
96 4373266251519345119
40 D
96 7285943504223872979
22
87 4135906132854740544
26
64
6 5292376986932398307
54 D
93
61
98
98 6834679216941135742
89
72
68
17
84 D
93
96 5866050542843708918
70 8713112634605324464
48 7003195642978493826
28 7471470038905647386
28
3 2391895326332926449
40
8 2108543065469255655
2 1334098275793916576
34
43
3 1044923176097230173
98
76
38
65
46
28 2531938793110728837
85 8458200869994320922
50 6800881488549701687
7
12 D
61 4760176296521748131
70
21
47
96 4204992839325342445
17
10
32 D
95 8820662358293446932
87
74
68
41
76
51 6544636896758587855
79
72 7241685265202806665
96
9
23 D
96 D
96
74
12
86 4175876147014078338
8
40 8696782442447404857
81
52
66
32 D
96
87 D
9 1299805525729284628
38
77
7 6666989841650487788
89 1737690152670787948
24 6558168762392816132
36 2862199353124671285
90
5
41 4524980130323126305
78 7210870215269309047
16 8326269255432155345
29 D
81 3179539608106900577
1
6
83
94
94
73 D
4
11 7519580764804075420
27
21
3
29
5 468470238380354969
28
44 7476154883990153728
47 6459123229639222843
81 9046614261580393510
90 4293478345489954967
46
28
85
28
29
33
97 D
18 7262045234465538470
76
31
61 D
35
22 7533823686233009487
79 2371042588340721889
28 D
97
70 2669961060613671766
37 3672197609675852651
45
52
42
95 5685088578732706954
91
74 2339584626860328518
60 D
14 D
73 8115163671419409709
53
87 4351493349399282250
62 8754703909367828107
10
54
45 4524517048933730307
92
52
36
55 7656360212870397352
16 967269714960853679
38
80 5548386354143273256
48
8 8310960259994767451
95
46
43
36 3510543165451079621
16 4363496511829660350
6 D
18 1251099668333149391
79 D
6
75
71
9
86
81 70574600298942188
13
74 D
28
23
47 D
94
68 3268302859584686801
26 439948256085666782
38
85 D
21
70 2117461716349391270
37 995309961786679479
48 D
2 D
19 D
99
99 2992271185852523203
33
97
6
48
11
37 3786083312346379873
31
100 D
14
64
77
46
51 6718207910843667366
12
47
50
73
16
32
27 8442945591914716682
40
56
96
9
59
63 1899684436530835078
74
72 870818498560666007
90
94
94 8002701710906562076
19 D
61 4405931904855906327
23
66 662909482157489751
91 D
1 D
71 2899369361925438199
51 2447896869082377750
92
42
67
41 8072953230712016607
90
56 4548847975172041720
51 2182210471445829860
21
45
12
63 D
52 6045733677336448083
8
22
45 1350967967618284648
57
68 1103523448281810165
60 84827424754935297
22
86
4 D
72 D
52
32 798947326388543418
91
43
73 8680367654873691134
90
44 2015340957575361788
52
80 D
35 8042163077759301612
98
49
66 2084457219112026649
62 4961979991099371606
64 7517871023122255335
12 6212056285896813800
81
63
18
25 7156394756230171247
45 2798648346650864687
53
29
46
27 7248544570900768027
44
36 5622394068236752748
93 D
30 4802489634421664147
74 8606489119309571527
53 4841793652584068777
15 D
85 5104025750910768174
4
49
73 D
51
86
8
98 D
53 3292433229369088367
7
34 8343719112180575073
77
71
93 681148943006755437
85 D
38
43 D
66
99
5
47 8308497097155346178
66
52 D
71 5202003493630024036
77
40
63 D
96
22 4206142874387256633
52
36
59
13
65
24 2543271414331236678
84 2489852851088232329
32
33 D
28
85
100 1938267166421414108
99
84 8958687499465633225
57 4049245971222174836
69
5 D
25 D
74
35
57 228295624757788113
68
26
90
93 4229808384512580750
85
3
27 5571510980382976654
9 3214659537128541135
84
4
30 D
56
42 5728730813907476296
56 D
92
28
74 D
14
69
51
81
43
78 3407253342222632342
26
20
92
10 8515833164217871794
54 7688041296432584690
27
45 D
53 1772658998320432341
100 602885825005060336
63 8617287159065332010
87 6163844431010754240
14
6
96 8606586835045601677
57 1362804541404671413
96
80
52
22
44 1092353817944836456
63
12
56 1973100368800957647
77 1967017012331418522
21
12
45
82 3527596435386459511
85
92 5222871411335092819
10 D
3 D
42
51 7099039305757013696
19
49 2686029056747352928
12 D
77 4982903301323460122
71 D
10
55 D
2 7257775333732739301
41 2557634683846531229
0 1331419419476377404
10
74
63
80
80 2120364025139038925
55
81 8927193117629576477
16 3455245081387096640
91 7274323710547798615
100 1508821568272780928
43
38 8615952979452765274
41 D
4 3206718160239399650
31
70
14
52
54
21
53 7495556932623608520
82
50
50
98
4 8342260503177025376
85
90 8772744007229203449
93
49
14 1937917657281354710
69
29 2234017492568709300
2
37
54 D
45 D
18
10 D
60 2899541579252449244
71 9157657361974358866
98 9067763767054414474
1
90 6786111292347699881
51 8291067031220756876
9 7283727869547047913
37 D
62
64
7
14 3348185907471039129
49
48
71 6331044948684375541
84 6638718413763001413
73
64
94 8835161319684813559
7 7797332716109684916
91
7
90
45 D
19
1 D
64
60
64 8800226302228024441
75 4191060505373640288
12 D
58 9025100873417204359
13 1677629536506245372
77 6717605302334719579
43
46
24
85 3080297943567258428
94 6818038781518928175
33
38 D
48
54 2825026053100351319
23
66
73 4255512133926388148
21
72 5815412196087454603
50
52
38 D
11
31 D
52
19
11
19 3512758842334343852
8 2432077318524305740
56
16 4403657817206698943
51 8679308759229347566
93 D
27
46 4238424550035954296
65 D
54 D
84 7875235899047026671
58 3572836000406947007
14
93
12
14 1077676721937048812
48
47 74744491835216168
5 8613779107553293900
32 2770905758619573163
62
9
93 2902695136611963424
22 3211798149453376186
29
27
42 1855486456496931484
80
5
19 5800559163783290657
51
38 7456752404423188027
28 7929792033788262856
14
95
66
15
44 1371132269879302581
71
9
80 5774078387991816167
44
34 D
28 2251959357176088488
50
81
76
11
56
93
15 8423716069005290728
11
1
61
12
99 7075408724827280434
90 485367248703747462
29
71
11
32
41 8518800306596039662
28
54 5535353964620792494
54
19
10 7229692524533993239
4
17
26
24
0
84
26 8147501900229762565
60
62
54 D
79 6468542125339133150
84
31 725120390502724043
98 D
62 7509750842176999984
31 3375796726246015705
61 7722510969633972404
58
67 3599146306111432372
44
14
98 2842688741862124041
27
36
48
7
32
99 8750233934147133190
2
35 3945025201115600099
57 5419968321362023160
74
70
90 4615829925475447007
57 4115656841228563014
68
63
90 5601184428377592804
100 8612523687725603383
74 6271184137705083262
16 1666817956382035408
89
29 4649746008240465970
81 7573217115462833423
97 7266031671763310975
13 D
25
64
76 D
41
32 4259988326282119781
30
74 D
46
65
37 4933594388890836250
62 675470260200961290
99 1847046540807964847
53 4051740085601569392
36 3580359561612481070
29
97 7642647862658420295
66
74
0 4083626267173169776
43
95 D
63 D
44 6578201418284411226
42
3 8523148625237285119
52
14 4454542499811144508
57
72 D
45
51
51
75
26
0
44
2
97 D
55
78
14
88
79
32 477512253510915442
63 7604822420016287172
56 5245292435623082860
96
38 3953103995001395886
86
53
24
69 2701547699310862060
98
89
62
73 D
8 64683028639964315
100
14
6 406178638253698175
22
10
1 2955288049932074868
36 6705920411692396964
40
86 3242674668513449358
38
20
1
50 1398253652810865096
24 7045764935229648889
16 3370595151366211304
96 626830565308632984
9
79 6469658268324400373
57 5448594608413297678
9 5127675819756598586
29
78
8 161079982027411598
10 7036108608767738007
71
55 7455998258829541503
11 5140332834940700020
10
66 5950101012568571898
47 839998003731986218
12
32
59
72 D
27
40
49
76
6
23 6233494806952677360
95 D
31 4689400736541184873
90 D
69 D
87
42
41 D
6
71
47
45 8491162454973607743
18 2240843125340893685
27
37
48 6682475161674325824
59 D
56
13 D
1
80
74
97 3748480978936529354
74
90
52 D
68
92
81
57
50 7202055526253272559
76 7199633396591257854
91
60
75
37
50 3502105985513150408
31
3
90 D
72 D
67
9
88 786133514134965222
91
50 1450500691260444203
74 1435275558935609551
8
19 1092154034414701161
11 D
36
12 1659344448208405816
97 7580156042886212533
62
17 D
75 5162391200527061725
50
89 7167385317542626643
35
62
30
10 D
54
15 D
20 D
59 3213059965308904398
7
39 D
86
10
34 5242458487134662273
19
97 6675038296215961299
2 D
100 D
30
41 2845217334170929360
32
76
21
31 D
41 8107548283610609366
55
14
93
96
49
91
71
44 5227784156504689473
38 5783155132478596867
32
84 D
72
60 4955366544765221293
61 2174421209296853239
48 6102962790936217620
93 6683381782926237504
47
60
67
22 8168034037583803008
37
54
64
4
95 93748532111288411
72
56 D
22 6680823192730271495
29 D
73
5
28 1208186773584051771
67 125069312217451380
84 7741618652597097424
63 D
51 8018165890137606136
24 6062935341247177026
31
13 D
92
34
8
80 1908856300598528917
47
74 7221859627923630600
16 7568981481913435658
26
83
55 6447865670503591844
41
29
22 107435906476308287
23
53 D
21
53 6522450661128032995
11 5290774592328756780
4
100
58 3679014429754416276
32
96
38
11
63
80
70 2094243157221042358
71
99 7341910992066275084
74 D
53 7565158492462100436
16 4671666917148376138
60 8855654875409655491
53
50 9144301966181967833
10
86 6034524792687396883
42
82
23
59
80 D
69
8 8558568011335825776
35
75 8731879322441276251
1
24 D
41 7605625320460694407
86
42
66
67
79
2
78 341518389416232565
4
35 D
23 D
7
30
8 2228109965036282762
43 D
60
41
22
72
65
83
81 D
43 7878756237350124681
19
94 6494300741218649665
73
29 6061025750568664629
29
73 D
100
83
23
94
38 2939431291698482922
0 8779717466340811051
92 4915778627758500462
90
58 6222320487539605869
95
95 D
34
14 8372566170751731165
86 1879813712861061455
5
75
94
98 5627369392527642397
74
86 1732581194553427587
90
65 6081000181429353876
95
8
80 D
2 3907974968752102468
4 649042513649952965
78 8239539133359154454
48 D
9
73 6626763179928150686
54
53
28
86 4802171621838394577
85
25 1015035384276558704
71 D
87
29
22 420952433162730522
87
88 5391391665360914345
27 D
76 3723124724380632768
85
4
47 3370316433740177756
97 5607065420015765634
4
95
73 2492360901731249512
92 2869844762606021096
47
77 4419399336549368863
1
63 5570211344171442326
79
1 7398357296491221779
40
4 189757524630216923
51 2674151442993117955
45 D
78 D
17
81
55 1618756191953874614
47
22
51
86 9212664734498465173
55
37
54
55
58 D
86
74 6340957342263892838
6 D
69 6047942353419015821
32
50
0
6
98 7787489958169914279
9
7
56
58 D
94
64 2361920998752061834
73 1927074159461426270
1 D
70 1858420749243089821
29
68
46
7
65
55
47
3 1935628939284622762
38 D
17 55754876586315719
2
54
65 D
89 D
72 5446306267901260183
30
1
49
32 265932172400090803
87
24
29
2 2298669412382073538
98 D
49 6563112237495885525
79
93 1069300537759500172
60
93 D
11 D
50 6084921971147595133
75 5599599892959172410
12 573948526020427236
56 D
28
97 D
36
62 7230866426836194804
54
34 5672897952035319836
84 D
33
24 D
84 2831074971337214169
25 3874799644804993831
68 1936763894717988199
90 6991972601105414803
70 8732249225469299982
66 9019488615774466060
58 D
87 D
81
49 241130857329911533
64
19
1
2
55
20
10 4501779253504154373
74 2442801629045187363
74
31
67 1723862652421886859
94
38 1055631570874479914
33
8 D
26 D
89 D
62 2850434540778294969
63 D
53 5571636045028047134
42
60 5900061832301412856
56 6059497814348737260
0 D
91
63
40
73
38 2474704778980408003
46
72 D
61
45 4222045112415739092
21
33 2663862567828919589
26 1502778978394202224
62 D
73 7945629856140098388
38
100 D
44
87 3800642430842328077
63
37 D
64
23
66
55 3290371459328217151
48 5462166546929835130
1
57 3354811976476945388
34
85
36
38
84 D
10
92
12 4225064745191139188
59 D
90
25 7440793412518720946
26
35
51
79 D
40 D
1 1424532042185596742
87
11
76
64
35
61 D
97
81 D
50
54
41
89
7 D
11
32
25
27
75
5 7818892191952199757
82 694002246285555235
95
63
28
51
7 6206861988838767624
62 D
71 D
8 4847924405140111812
0
76
17 265147460694678466
89 D
95
6
71
76
97
32
39 47571406979286158
70 300137734104259337
91 D
28 D
78
58 D
94
93 D
74 5316400511535849297
83
18
15 D
28 2937345836405326032
9
82
81
0 6973688537989290793
63
94
44
77
65
100 1591604131157279630
24
58 627499604332486857
16
57
66
83
8
92 2695235690122752934
11 4896533010368283690
27
6 180599149706795444
94
33
93
75 8516364633270572491
88
49
75 D
86 6976008778231166231
75
78
52
53 6902645392765555923
10
49
99
1 8318923882605114059
3
92 D
29 D
43 4963855610631441592
36 D
1
14 3149253959645772354
67
16 6685547713902505584
5
26
79 6126078289594391034
19 2702357690633044244
78 7153656770278324483
58
91 8157986523442989812
94 D
22 D
27 D
45 D
24
15 3538241906389028225
95
20
70
59
95 5700627545167562154
100
74
2
68 D
74
56 2555210795153809195
68
92 4921506614226014499
73 D
73
42
74
43
66 D
90 651998996730880779
5
47
63 5933870028292387343
40
73 6302757948080590370
42
21
23 D
44 D
24
29 3413866126330232363
32
62
7
17 5939477836197013252
88 D
37
62 D
61
23 2015382713674311922
64 9158804292820559308
1 4885172987140156958
5
5 3738751546319383584
100 1599129906147369763
69
11 7815767145424506233
62
54 D
62 D
52 D
35
87 D
89
90
59
98
1
82
3 2964531299993451142
40
91
3 9042655463846511948
5 1595894152925827576
47 5562728841903385574
89
49
46
41
73 4240635537908445530
55 4232095269229335372
17
32
48
17 1833954247188940383
93
31
31
99
56 3107578443001278855
45 D
47
58 8532495524219144623
53
16
41
86
75
99 3538215243668069585
74
72 6809506772809221339
70
89 4926697846025499485
13
94 8245090635188076433
61 D
30 D
96 3020713968488439823
40
8
34
73
86 273128456542396896
88 8709309898721552771
21 D
87 D
63
42 9154444439886913647
71 1921989728796882298
90 7541840553857404577
38
46 5987705965574423554
23 2051073572292805091
87
1
19
0 7079909625248363703
44
68
8
58
32 D
60
34 4551256391611754550
40
29
67 4228314714380996918
72 2820846162038126455
97 D
76 D
22
22 D
79
13 2263566309641629626
56 D
10 865364430084578686
54
87
2
89
85 D
92
83
66
37 D
44
77
13
11
20 3704621023301309726
16 6644486087747362296
59
60 3993970144981435072
95 D
79
100
16 D
100
41 7841060378357274356
54 2853510475498017713
47 D
22 D
85
64 D
88
41
44 D
84
28
52 7989339408830577409
40 D
63 2852203874608404326
35
100
29
70
1
46 3756772021209404780
93 3915163709616994861
49
92
58 D
33 3052225442523699550
53
72 3073095606456270448
13 309981420913012251
34
9 D
78
20
61
4 D
15
0
12
5
97
32 5596734543752679635
81 335818615822295908
62
45
68
73 2012538507277975821
98 1494326014021227389
95
53
70
7 1611223953023731532
98
48
46
74
67
91
33 5418672238253777208
64
15
7
97
42
0 D
9 D
85 3214735893594008259
45
70
8
95 2798568252970704658
53 8021487471058288631
49
45 D
64 6229802965653374482
36 D
95
74
35 7034349348559922443
9 4375308210377663349
65 6411185132900143308
0 3310127578522332531
37
62
70
56
83 2246799875152971918
14 8822994654639079043
32 3861058949101397191
76
40 5184353200069120036
76
57 D
65
43
82 8321867792154441292
6 4686642246333214756
38 6077262316424201916
19 3352548086806443856
10 4537122484594279570
96 3168929497653336048
66 3359940898198385029
59
77
91 D
94
78 D
84 7015314012927925730
38 689220639487438256
55
96 7634663453828932520
24
21 D
68
70
100 4593021649371400321
51 D
33
71 D
12
58
44 D
83 5357841040987478197
57 3794381718601052523
16 1357176950060330555
96
61 7922068415475034226
91
3 1032680982320225800
7 2867756491436573602
18 D
79 D
96 D
73
38 2913513045212737133
77
91 3754941107796655788
2
98
13 82324711547629174
84
79 2589019754747915342
20
19
30 6883287150690764264
39
83 3033630422118814573
73 6260542816690551801
32
6 7813186708283890614
44
47 7338881814153641364
25
75 5746667275787712035
15
27
28 1184232663312778263
66 D
19
65
70
22 6192682389242209304
32 3306735871801581008
92
13
78
97
80
75
26
8
20
24
32
75 480907149417052966
98
36
5 4123986752032520079
69
48
11
9
89 D
67 4037895355923696714
26
52 334333311212506409
71 D
55
55
12
8 8837731475879259676
64 9095646731395830938
79
66 3109659929250785306
78
86 1919003217307259191
55 1482982577135478832
1 D
76 4412539704636842343
60 D
21
63 7076803398621106024
70 1537030283003240561
99 1929114383615288950
65
99
59
41
85 2677044713039429535
62 D
6 8154232548133720930
42
27
50
18 9011442853335172537
28 1175611924667337949
4 D
47
4
69
36
5
94
19 D
82
64 D
57
53 2839636007560161116
65
80 D
62 8775464958446499979
38 8101252546179787164
97 D
1
19
37
42 4284031137675643915
82
72
27 7474265739978666901
75 D
2
5 7751297963626418988
85 7558805380705939992
20 3358872701847338488
50
95 D
3 D
27 6833564620399898564
96 3988377882819303523
63
68 600407352932947372
79
96 D
32
88
28
1
23 868384378918764642
94
93
11
28 D
96
32
87
6
82 D
26 2794960680270355929
18
27
86
87
41 7213787449328149203
11
90
13
40
21
79
50
86
0
47 2763156178817727960
90
52 D
26 7859074755148713611
86
97
94
33 200209093748469931
51
41 5758079005247598680
92
44
57
13
1 7654538748706539788
91 D
65 D
36 D
72 1050776549340708668
75 D
25 5899221503705901402
13 7774518117047796218
5 5162908731385454047
45
34 6094986336872425289
29 2032621737948375694
54 8282916352199599977
72
15
80 D
90 D
90
60
69
65 2751783694435859994
92 5325886644904552691
17 3192615968791002610
36 4107469627478320666
58
46 4132603616709624371
35 D
31
22 D
83 4103891393639800212
81
47 4788669901498381319
8 3350348830408922351
72 4317942195463619474
46 D
89 1045439568507049593
95
36
17
27
51 D
48
73 454372690448054630
94 D
4
72 4278992791868505285
93 1121270541224189067
13 D
5
58
74
95
93 7885763078140582755
43 5963524445318944547
52 D
47 8948014991956920682
53
85
11
25 4115832723583419352
38
89
33 3463851553111044328
70
68 294587509154238653
8
39 3313935398755731979
23 8782337815518846307
41 7928201068689733247
10
10
56
50
34 5891216074094119633
4 7032138924388240655
36 7528649651211373375
32
1 1381216487246924895
29
23
97
61
7 848769726786123897
86 1735556792738057979
43
6
56 3134701398358881714
45 2915317714042383256
61
96
98 8443460455798627289
57
12
96
93 D
93 2994124512699264319
99 7036797585969648509
86 6985786863609577938
83
7
24 2404063609994710397
55
35
15
49 5103338066512683100
63
69
35
4
65 720787605904130241
51 D
100
90 4217211492769838938
69 7791820874518620569
66 9150344885509039891
84 D
33 7965860934536918243
39
23 1412785397830968177
52
44 6201038794539981007
49
71
28 4528974891720597091
58
12 9154847530246915772
79
33 D
20
0 D
40 D
76 2870820825440213666
46 D
65
6 3109107132708248162
57 2101696002085974881
18 6633144263371135923
69 D
11
13
87
35
0
49
92
51
61 582959612806490059
1 8785064092540664796
89
27 4501773190648822885
9 5701554307768749646
57 215901253701154248
38
83
5
34 8472063202254512154
60 D
99
24 5724569990376900280
92 8352530483662600888
30
40 6131628948301630890
26
1
100
67 4804131003270656484
6 8975247510809127631
75 1287735008735518662
47
51
56 D
55
25 4721877568913236398
8
67 D
23
46 2963721307690596398
86 D
64 1117489001624794985
93
54 6943167184824426851
68 D
69
81
91 617718748737625005
0
21
18 4350373413248741867
67 2750003672606148604
14
56 5215687795901900390
64
31
17
48
87
3
40
45 8837122212371320143
16 7034329447467605892
18
79 D
6
12 6578120568747819781
81
67 D
9 D
25 D
43
72
61
83
83
21 5432353678159985990
73 451757656443473173
28
93
92
39 D
19
74 21307117257272176
26
49 272092083790316150
85 4138182898412680272
59 D
87
76
29 4495434993208463150
89
25
17
9
3
83
19 834323293535769322
74 3114597075176736236
77
61
45
25 2321304678737341224
75
12
89
41 3943943959032441265
94 5728755581135340611
61
33 D
96
88
75
9
66 5887099559015865443
74 8538852963951779344
53
88 8079217459024502600
6
80 730522200363253597
5
82 D
26
26
47
54
92
49 D
25
90 4681621151050485016
98 5678459868254737882
44 D
70 D
86 D
38
75
41 5230585145747365180
44
32
18 2393824455841470052
28 2083279953022582120
37 D
31 7971764239945934182
77
36
59 1852516719022193991
41
8
31 D
12
89
49 355702181348440704
72
93
60 2250353301518393958
46
56 D
11 D
68 1929811080992193940
75
36
2
30
94
11
99
45 4339330186457774995
43
69
13 4704558406709269609
41
35
17 3906001316696442712
5 9164581065659118430
16 4214682188343564262
4
81 3260056491981170258
21 6065672102809453333
41
58 2732138267380341507
11
39
50
36 6685284659472061961
93
30
5 D
35
60
24 3484382689626926763
88
6 6790925340432450509
67 9019528365288948906
83 5793767983991408616
20 D
79 4637278012316947417
16
29 D
52
64 D
73
86
32 7501576385627328806
49
12
53
88 887744929413926721
35 D
33
20 1433558513573031285
16
54
9
94
75
77
41 D
33 D
93 6896515821180203367
67
50 4884925842781699154
71
73
79
44
34 D
3 3381727350906112423
50
74 1635037292892630925
67
71
57 3124930421557143312
74 5354602276736131928
42 8597872249188275029
9 5118858163689024622
71 8706664923182864972
86
0 3689568627534819917
3
31
33 6273049419817436786
3 1998179991764557604
73 2992322709797607815
6 1672411308324083231
29
24
42 D
59 D
96 4612899817273430583
95 7208457562916299199
17
13
93 5154332576194443270
17
7 3474127517882873585
44 1396085890095007907
99
23
20
6
55
78 D
86
92 133172205031339210
54 2389416392519306161
9
85 7570029585442810473
65 D
30 D
61
49 D
37
32
10
65 3166650779918636775
75 797216891318239722
56
38 D
44 6791047199624923124
100 D
19
62
38
81 D
91 2632577989618305262
25 4984487032538936443
39 8134786578186576719
98 3640893556684438298
12 8961509226043627457
42
44
23
26 3061820119249835550
15
33
26 438235685004003715
43 7576565114780759320
95
22
23 6034278033675166892
72
21 D
31
38 D
73
27 2764483219889113271
67 2357872742433909961
37 2503725233933333859
10 D
49 7561428289156546988
28
54 D
11
37 1635675492367966235
71 8599148804139354427
19
19
57
82
96 6791968483126622444
78 5648576588902721902
15 D
51
19 2913442922395641116
70
37
71 4969727081995103733
11
44 D
90 5236012905568056726
31 4557490098103937826
28 D
62
80
81 6476731779347391910
86
64 7369033412456348658
79
88 2045010328549712520
60 2411232490242930078
19
89
11
65 5189358368040718624
82 5372627392666411704
87 D
67
0
35
70 D
47
55 9184631133563707979
90
61
9
80
23 7407392681663045049
100
67
68 7672917858809592825
95
19
20
66 7153384451629843961
89 4150006960544143017
93
68
55
49 4715635121593599099
5
55
9
82
62 D
67 2338873221536631144
54 4176185007474913736
24
74
93
100 5347425747107761891
92 8971039530853614093
58
55
6 7295140511192709384
86
3
10 D
74
82 5204240383677337699
0
98
97 3045661104408406304
28 5527932269116883464
1 6339243872714634329
1 839173898324038740
95 1854746932518769802
43 8019712155801018514
75 D
55
9 490452135147787859
53 3455531542651885020
50
91
49
27
31 D
98
87
2
45
96
68
52 8577667497932276144
42
48 8735484987859475916
47
77 9173439767624247159
61
6
44
69 2081717733804430851
26
39
36 1344439083176998911
97 D
85 3975237353145196753
10
86 3101060874825607121
83 D
38 D
74
29
48
20
93
97 6745278688894464224
90 3633285115531420508
97 6212564353454992851
78
60 3033830941598617981
66
54 3729219722510303755
55
73 D
10 D
84 3897349790995794366
44
35
82
50
50 4688694033571123631
44 D
74
91
79
10
53
49 5303024056145221656
44
73 6034393832102759429
19
46
61
48 4388945200678910290
97 3264342412246858997
2 4544138289718455100
46 8038395585103958444
22
49 6681829125374213532
76
87 D
40 2261047203417434584
70 2240264195453105711
87 7671119328468548982
100
15
8
1 3289906418945259469
0
96 9148648176619505593
3
59
25
5
85
23 D
33
38 D
82
60
76
32
24 1013797032208551849
49
46 426011084009669125
30 7233060748196324998
22 2797157753994769038
87
96
68 7950384814930371358
93
81
89 2767450308262388559
3 3760732359249938714
34
87
38 130823437909243592
60 9132411573182554369
18 D
42
100 D
34 5113464590264453241
24
31 5447231456670586835
35 1827159781939430245
57
84
19
52 4486418954644748393
29
5 1453128489568343557
79
77
11 D
7 7975920199297544641
82 6286335523438221946
47
87
69 3376631286860532253
40
100 4862033468969691594
51
45
16
47 9046905910930180084
26
70
28 145446367439194640
17 D
56 3294949669682403787
73 3695786097150029637
70 6202925962180007259
81
1 D
5 D
17
31 4700407101214395140
97 1194161355571754969
54 5862643637028922468
84 D
43
20
17
16
36
31
26
46 D
95 3258189251961753161
34 6328490975930111523
35
1
64
25
39
85
74
92 709390996308266390
1
83
6 2150196582792421107
32 993100996925806329
56 5902542179788025507
53
57
37 7738731576432917982
45
30 3657661049629278570
33 2114970938700787156
17 6415605414421840025
68 6601704742378300200
75
9 3943121535292118288
45
40 D
8
90 D
24
60 5423967568639402437
29
92
1 7709562273673242040
48
51
77
83 D
18
5 6701268084465167786
0 9167284893627223652
42
80
99 6560721648926731221
74 1467891280330933518
20 6701915443581860293
10
17
40
4
80
51 1491767035274443072
84 5228000271851780511
66 5632659516761021896
90 D
14
3 400299985999368236
38 287945620084253693
18
87
96
6
52 2749373945455546255
57
67
99
24 5429120937045912357
38
71 7536269891410817034
20 3913791519262054162
58
90 2817812017714841505
6
5
61
87
30 D
92 D
89
80 806341943439126198
52 D
66
15 3019649313650160119
56
70
90
67 413199417081922058
18
43
61 6022549302364309772
48 6564653820350074607
79 D
73
74 1824162960585054980
73 7660479171286678401
80
19
50 6333760523853885742
9
54
82 6319216466430686408
65 2144836827201356538
18 6503954918385873822
75 4615682669656438169
12 7961229653908695
94
46
39 D
96
76
37 D
25
68
52
78 D
40
95
100
26 1659227650648863245
80 D
86 4966639537541441696
49
96
98
45
43 5960642381165457999
6
53 4854086795044448343
27
66 4961601460995745124
25
82 D
33
92
34
50 8390497720481054860
100 D
91 8733597267258807901
59
79 8822919048276894632
6 9131391095496092670
30
91
93
31 899126293277998983
61 6462253692152187765
67 264878243627171587
32 D
86
10
42
64
89 2698804174868441871
50
21 6736634406483044045
53
53
70
61 D
57
71
65
27
5
40 2495021642104772876
90 8699785706556360180
98
72 7552282129728159338
62 1571873563734344793
50
70 D
13
63 D
6
32
74 3698373228989410762
86 5408492867660390753
86 D
50 1942051435768232831
98 4170035287835742594
84
51
23
95
95 D
31
85
7 9057812053807020087
32
40 8910218909929696497
12 5151441987032164842
24 7191177603277864495
88
42
58 D
4
17 6425655316140103480
29 502471746554178734
13 2338794590339037914
71 1938930638856536500
79
67
31
23
83
30 D
65
37 5752895935916605290
25 7516758886691286476
26 D
5
80
78
49 D
60
37
15
35
100
28
16
3
87
32 D
71
50 1946853818214182007
2 6191885028305443508
37
66
9
81 7153989592967047633
48
0
84
87 5158377189726829262
17 5890773228968171465
27 9158131402495659518
17 D
46
35
95
52
19
68 7130810679693402714
35 3881994913284467162
0 4709059991781463907
39
7
84 D
37 6376396237978340925
84
97
92
38
7 5468000564612338058
39 6168852805912188934
80
2 5640910691491713487
48
35
84 5774451438848091278
83
26
39
44 D
90
68
22 D
9 6759449589193525843
76 3585074680975437538
36 6010063652597900542
75 2389100474260642688
20
90 7349793959411625802
68
99 3770914815031555140
4
58 7333485116592472684
58
95
98 4860828193113738372
11 D
3
26 6900848909584948870
24 6279837676281235308
89
62 1485956677598201340
17
85 7767907488520975480
44
100 882841382321810506
62
24 1857995058023185570
3 3688140715313447099
55
2
17
96 1065493109577432829
1
43
97
33
54
69 D
82 3151255742866985472
87
94 8515594796006903572
41
74 178131661113956870
97
18 2579241843297641389
30
86
87 7675301468260155596
6 5838313919401671545
92
49
48 D
27 7331109661255151309
40 1221012674423400247
67
55 D
66 D
97
91 5325453695480376996
33
58
86
82
70
21
49 225768352205888496
2 7226460579808440959
4
7 D
98
70
91 D
61 D
68 8047434847599316552
42 7830054316188710575
59 D
61 1161875988535443425
99
82 2673101281911503717
34 8728760027321649158
40 8763843519656991852
29 538237690611305042
91
35
51
32
33 3562608492356966193
18
41 6293301636387972867
47
78 7231212380893367662
12
74 2789289858818045034
58 689507332173081607
3 3298668814492066306
65 1814288345804779708
33 7515135572016376081
51
19 D
34 D
6
79 2781062675460988600
8 412640068317636058
3 D
56 5018278586427066939
39 D
97 6007746460732230077
92
86 8161833687608335895
24 4533474122968272296
86 D
21 3672073539790441986
93 5284461284628676704
26 5159237853812730841
54
20 414989285624715603
71 1315296193436074038
37
50 D
93
94 3401866675532737517
34
57
18
74 D
86
17 5754897304672967868
11
29 4796253855645998964
20
44
54 7943810256213981456
92 D
94
91 469637051422581458
67 4342535911559162481
33 D
28 D
46 D
87 D
77
41 1172588871868923455
25 6588158691192822350
85
35 8238361614557222866
68 4776313889145432703
98 7921968097566306811
58
19
24 3962618905302301361
83
27
69 165764182686877753
63 D
93
66
29
91
6 D
65
8
32 8416360316342921194
31 4680463705352537831
55
97
84
89 D
23 7349786265437715418
88
22
19 6736868301165736435
13
47 D
20 2195674409663117427
54 5439465038154341560
8
47
92
16 D
46
56
49 5542974354469032295
14 7594452091926629258
97
40 D
83
85
24 5446584075506473186
82
22 D
6
4
36
2
46
31 1578233113087678835
76 9112447328360154211
70 9160316410682804906
20
55
11
52
84 8210112516760869248
6 860861712628639505
97 8878971406274513266
42
51
83 4871495199474808785
41
81 857974481012604183
43 3174566854794407665
51 5591777182022788698
25 6471019187689594227
9
35
64
55
42 4370931969236060374
60 8716835950491128860
89 1495198251401069722
1
55 D
5 3474369495397322011
86 8166409668036174230
4
29 D
10
85
100
97 5629493546077141419
71 D
19
49
11 2465037868148276657
78 6104325167262067312
0 6202394863730368217
69
20
4
94 8804441433826967890
74
27
2
59
33
49
5
20 438991932683233254
61
58
94
84 7930919312761634612
63 1241891038935269015
1
9
48
72 363915305870016018
28
44 D
61
72
22
82
100
79 2034484603552902473
25
94
45
15 D
11
11
36 690970409614280906
8 399284681320769999
89 1854788754624791962
98 2097846289780463726
4
57 7771592470147350318
10 D
88
15
100 7487990247217950971
14 283179474909492566
51 D
66
61
27
92
67
52
92
54
45
66 3631652033898570788
46
97 4068640141127042782
36
21 D
37
2 8231817084989318337
62 515545483449570975
15
73
29 D
24
95 D
71
12 4743148021527364423
62 2271557766590542006
79 D
5
3 6655129436604768690
86
52 D
47
68 5168951751489953186
72
26 D
58
46
63
57
6 6644973009093195323
93 6361927724747803079
18
34 3115761519914781711
95
86
15
65 D
32 4623875336464892001
39 7127581383096286207
3
75 4936708195668602138
63
28
39 D
15 4194201510516007936
69
91 6564462104444439766
72
16 4816414725381211464
73
81 61870226795640350
10
88 D
51
63 D
36 7970624999158902164
10
100 1344290127140134758
64 850494675568240119
58 D
44 2006912621696536890
23 203305316472474225
15
53 D
63 D
56 6386649818118089469
5
38 1955556548573417916
12
46
1 2732154988087723222
81 2492316022921777344
12 D
41
10
87
72
11
0 3203809404075162992
3 1813498493401915193
65
21 1123452983772736917
14 9013750958674494854
57
91
65
52
12
75 3282503174098183953
10
40
9 D
39
18
42
21
6 D
63
54
19
67 4559068904925779385
99
74 2304487600318054728
89
92 3858938209235628192
63 7470060782573745285
34 D
90 998769038692646783
59 D
70 8120700035539779275
41 3272035541469011901
95
84 1207046734797622263
33
1
98 8822176145521164578
97 D
60 4601828134859853310
41 D
52 D
35
84 7533350383468860274
30 443496167753670367
8
41
95 D
12
53
20 5621752558991494910
64
23 2792382029414249640
37
96 1785007193146721326
68 552863154871361419
79 3362127262391023388
35 8623160123036980071
47 5547529734839788371
92 3549706940785066612
30
50
36 1739396326041905146
77 6439504844151691211
11
0
54 D
47
43
31
62
43 D
22 3380892358761076696
29 D
92
62
1
89 6779856906074200440
72
50
59 2047069259123237688
13
97 2114839884261302355
41 3294584732232941539
98 5975900104669603564
2
99
38 7759742277061106954
69
62 D
83 7506593245533785116
7
87 1393678933887307629
37 D
22
41
56 8613412594018014696
28
18
81
3 8775926287179578295
77
100 D
88 9073222405577520758
32 D
16
44
31 8608531614243143220
13 1796912859166525915
0
69 8088089204685640251
89 3233070621154480043
44 215279006135025305
27 582981204394810186
55 4619774363737244759
38
70
5
0 D
1 3414316819303902546
25 205715154249053161
69 D
52 8373275288279700327
1
75
92
14
37
38
3
56 372022300945564215
6
57
44 3511350797174379845
33
30
9
31
82 D
50
95
95
40
87 7013620540737838457
12
24
9
92
85 D
0
68 2758282071959969017
24
77 2099889452313618792
78
21 5308417607575552662
12 8524879541852066000
46 6175895109838873630
0
33
96 2580280516663595803
19
31
42 5612974237264781578
26
29
22
84 1174110902051298639
39
1 D
18 D
13 8487600883298440903
37 1292574405866520451
82
75
27
47 D
7 D
90
46 2488948436187657427
32
6 6839712032843252479
20
33 3466733179536323854
75
49
92 4136538152024846100
58
70 7540217870894662856
73 4010972203937791211
21
60 6079872627694703656
92 1693236634900122488
44 2998266661508007641
73
49 4918350369110803713
25 D
44 2416850548726967521
51
24 D
4 7324072608370865302
11 5226057096813355247
71 946187491526153522
94 5728436451707900385
99
35
60 3597217211989872948
38 4270227265444755277
53
42
68
93 6555704197321798544
38 D
71
75 1311819944454973691
58 4077029423210597560
22 8319568333928197704
81
67 D
27
87
44 1492521919663996816
43 3369779450745847503
40 780204613426999377
46 D
80
38
100 448861077568256364
18 D
14 5043078728866177345
70
37
0
50
93
43
75
66
34
10
79 8088968041017463870
44
64 4049141058526382264
4
31 4300315973346404741
68
38
11 D
18 2774048252432571059
8
41 4818133203259277457
64
30 5175004747293038093
73
56 8992059675492899594
89
50 4113065807951075895
52 3700610118732576793
14 D
25
7
8
85 8792808593377341878
26
17 D
55
21 D
9 6474407803074376456
94 8061907255317662757
41
57
82
94
41
17
80 504101975701316160
40
45
86 D
5
7 7165146828334669335
78 310470927219450460
78
17 300305209266284692
97
64
63
48
51 2178622889717481253
71 D
44 D
96 58862368585814281
35 6798158862647766836
53 8837435538787972717
52
28
96
36
72 3581369167783022864
47 1889380524520259110
58 4550302156584965729
4
44
8
10
37
33 3288830967504725145
41
22
18 7533495995263904951
18
47
63
36
66 2506490972004903041
43 7791480942392000100
2
25
89
31
39
71 3988181756629346417
55
92 5441712162969445769
16
4 D
59 D
1
20 715466308099706122
58 7130768288247624035
2
52
64 5359309027139405047
99 6335975509533192275
56
36
41
52 7435061121210441632
32
1 5855483147371466450
66
13 6285178965271760028
76
31
11 5169134997990067566
63 D
92 D
41
16 8586086875668910892
35
23
62
55
1 1780353680277425076
46
51 D
62
46 35897898979818748
20
42 7548275434675507322
81
67
48
85
73 2045496414703043713
71 6893216763962930228
9 635354578431814659
0
64 7121856909499225871
6
6 4590265658908682981
62
44 D
71
75
53
10
11 95146879134577438
34 7223938549108719709
92 D
13
84 5000319572361417293
39
24 1948608711495804605
84
67
41
88 5055243951255207392
90
46 D
56
85 3156739118363525813
15 5083397856133129407
48 3447796406922179388
36 3168519584803995205
3 7570115276500535595
29
60
92 D
93
38
43 6091478248763010865
70
27 4753989456650755817
70 6168663668037747556
38
49
61 4612402414530747831
89 8977473288706287052
30
21 1938447606198567079
27
52 D
66 7294280694215426306
93
47
91
95 D
3 5121773603513871433
0 8660865445577331264
14 4167969079837808183
39 D
42
7
16
11
47 1435582301003243728
70 D
54 8178388469283005021
100
68 240386669056852757
60
85
89 7016612182688990892
47 4616131126907292442
58
61 2017371872532274874
53
50
83 D
84 D
67 8993807904458270071
10
98
81
29
80
81
96
26
2
10 1641131301146412317
43
37 2676650488693442061
80
5 D
70
53 5454209700949139519
46
13
49
67
16
44
28 D
67
81
25
7
68
85
86
21
87
88
43
100 2663360909216326793
62
50 8039432690201495775
43 5554281926258449933
35
27 D
0
40
23
99 D
64 D
99 D
43 1488957176622601800
76 D
54
75 4420179734399759029
68 2269340788541435284
38 6457459221009258790
63 6659228909761976032
98
45 3205013956360569992
32
16 1900550807124449435
16 4525780464890647427
96 3073071728514216023
71
24 6001861156599885434
15 8585146471405373801
99 1882271794294048352
99
26 D
24 1716482917233745170
70 D
93
14 D
86 1209698806832615294
41
91
6 2808030292804006541
13 D
88
41 1657550118133498106
53
56 7118309993652987654
48 D
27 3153171019129791541
2
26 2054582559239714785
11
64 D
29 121968745548530899
75 7223642874441557469
41
7
58 3622932046668289905
9 4925836963889856715
41 5524202686892055926
29
42
9 3134937571376282095
41
78 D
40 2599937296922307835
70
53 D
48
93 7876685493713948661
99 733196722975449808
13 7062054920623188687
48
20
21 5153174980814934084
3 2792820848437934083
84
1
50
34 8482573637912767929
35 2034467438613965101
50 957128192800736117
19 992789705943586338
67 D
89
62 2077351809927371328
17 2022683057629957557
61 2645319034490345793
1 1163039927087984343
30
32
64
16
18 D
1
35
93
38 1913145479256553844
29
57 2430615404995185333
3 1546134802124879928
53
70 D
4 8915920027074107728
95
25
39 1476354283851317584
74 8422922049458129628
72 D
14 6804906741382198056
74 D
98 5345726075972813200
6 D
34
60 1146430228262906901
64
13
89
28
78
30 565982970078615188
86 D
42 2545818548667860327
3 6406194304451789877
25
13 D
44
83
82 D
0 4265171036956459655
42 3127943749200552317
48
98
15 D
67 D
16 4051383012441844562
89 6779348752682071610
94
46 D
87
76 9076534500073763846
72 D
65 8625864899062256848
31 6404679056450524265
50 3943202488360284390
0 D
80 5978826917493612558
92 D
1
93 542205938958208097
55
0
51
34 D
32
89 2793843659031776750
87
20
66
57 4719203633031595973
38
80 8992260426641839642
59 6435319142161643806
31
59
94 424900241169556997
80
13
72 5328649085672170777
96
97
69 7349096705081790958
32
14 D
27 3831020961678385285
26 8734744727404144703
82
50
91 7372794241759466154
91 3790722449165143990
68 D
90
62
3 D
42
10
100
35 8333503444873421231
100
33 D
25
21
90
34
24 D
57
42
39 5749817388452011025
18 D
85 2445046180028779522
98 7173489948985537338
80 8464955345625886315
52
60
2
17 5147306914318473233
35 8232104128297397557
22 D
14
46 2154588313526305376
17 796428012504327210
37 6179700394249403410
61 4653146241839015720
21 944985839354406387
19 9215382003548380998
12
50 8767834598499050041
31
9
2
49
73
15
0
17 4411375994931646214
79 5668534180574283823
99
71 5893203151183330459
83
92
32 8874301551309537125
62
70 3232978473466876850
73 768108839434636679
43 D
92
90 7795854614518379919
15
6 1134234416326945436
81 D
86
59
9
56
88
18
19 6745883630727532966
35
0 D
41
68
22
91 7218063899245946737
76
60 4096289403911241550
78
46 8439819452213516419
74
58
72
84 7570069968980621966
85
55 4723877186995118538
30 4039364363785395701
32
68
33 D
65
80 5265920785253627210
12 2943988019215027803
55 D
44
93
15 5073632857199573515
70
5
41
39 6267468336539491038
18 D
16 6814451257899320658
71 8625595766522798764
96 4172911046000359402
99 8459708778067627752
42 1395446995682413571
82 8887471771633113627
49
99
23 6538476154442556943
24 4898761275616157264
15
80 3871114513143004631
1
26
59
14
41 1101897971799255624
91 968802570965525448
62 2694932407246295356
81
54 1064555383302767855
31
48
5 D
70 7218982655411194738
38
65 6294928789265393203
60 1660196181208941895
59
78 D
82
65
31 7538143765076897721
100
42 926238515853509360
80 D
16
70
31 D
45
82 D
18 7122404656700648983
90
20
11 D
64
28
38 8125692168957892618
28 8560108824626709144
93
47
48 5065851726501017810
26 5226981144535824840
55
55
47
35 1068596030011374207
39 D
69 1520610094940338143
61 D
48 2705625099454185010
94
43
11
10
10
55
18 1690111796936420207
47 3898488379301887059
39
26
91
38 D
35 8568449684182143899
2 3922011132563964414
67 8251020681591713326
29
66
93
39
0 1732278161694355641
24
78
43 D
97 D
82
85
77
54 3753081372134115644
91 7177544146131511149
8 7975799461312274486
56 8492412580531414386
96
32
13
8
24
38
1 6220347614009418057
34 7881674387158662261
92
65
55
72 5935727637298356914
62 D
4 5865121994757402924
79
13 1635700295209997869
61
10
65
95
37 D
68
61
27
20 4747238165275552153
0 7156098969719297355
83
16
100 8149318337944132623
71
68
15
58
17 3867367139278519807
5
53 D
31
51
83 9214066476565807235
8 D
14 D
61 3560715727187430227
52 D
22
93
26 D
64
34 D
95
52 8194522318608932640
15
62
97
20 5364606902198456491
33 4444472532835234524
45 1738073135135760728
45 8819763048806281715
20 2694280945769188235
83
28 5664306316579072431
88
97
38 D
13 D
61
2 D
47 1668761861889988884
64
95 784702789540532576
7 7388776350956227442
66
66 D
23
97 5961285633889751419
61
60
79
53
12 9008486455432243775
16
40
50 D
17
47 D
29 5720059168694658937
26
43
31 822885941771973831
51
3 D
94
83
86 D
15
84
94
86 7633341126930828361
62
63
98 370479660237738154
38 5162627575460412925
26
64 456330849291005888
93
34
82
51 4569908304620168806
67
37 2878334141774484206
44
21 7789575232717914810
24
17
67
62
97 8220388619752306320
73 8948789883095063312
42 5072927658238045280
65 D
86 D
38 D
9
32 5910007365030451621
59
0
92
84
25
44 4490204432179351764
71
24
30
51 D
29 4782604469124647169
7 5986625715262348425
31
91
85
60 8279768670307791507
58
15
78 D
79
100
30
70
72
88
72 7549885095260071718
74
94 D
55 1894995284184284012
78
90 D
90 1837384990792070304
50
55
64 5291126206899239627
50 2905641196530932873
43 8145360838229418091
69
75
32
56 4762068879133913302
59
79
71
66
25 4690002938072455308
59 5335689621470342328
58
76
64
95 D
34 4007672471409120653
50 5823807165279612673
16 4561247341093681208
56 4205728012271358912
65 4249232294198640716
5 3719647212042663005
25
6
30 D
62 8409742974900280385
8
76
70 768149801169499522
0 6108617540151742984
73
64 5711176884291103157
72
6
19 2698912440485910699
84
33 3286624625376992577
67 3249322703269528535
16 D
58 5828829963929939677
78
5 D
40
63
20 5542539086170725327
96 2844168157250877480
3
62
42
78
69 1203151683843633111
94 6421076182829407375
57
68 2884163522635199579
31 570276543796499742
48
9
83
99
38 D
14 8167417261394863198
27 3636781383738993395
57 D
23 4986187569024484821
1 2196165012626215073
18 D
35
32 6009974512107267680
65 5660889991396759159
50
42
6
32 109721522404693594
24
57 1413772508683232195
15 7329187305624144331
38 7942081127303586658
52 3977010902112613401
30 2473704221120283664
21 D
74
98
37
9
90 D
30
7
44 D
50
63
5 8878548959083280246
33 4122373083456440365
40
67
9
76 4961179871738672859
19 D
50
23
82
84 1725037492988548198
37 4246500683589033522
83
2 5650539326513091663
67
61 8069923764713081221
91
3
50
22 4970116800694075136
61 7616630312487289400
22 2880408752395674067
86
26
59
33 6801123518310578532
38 9145279908096360116
4
81
74 875235744995736808
94
25
62
3 D
65
72
71
4 1307916909902069203
15
29 8882825730981651147
26
56
28 4415714623217879737
67
96
87
43 D
14
23
64
73 992202483267799259
74
17
66
49 D
96
54 8667078935421506122
13 9202071626350732974
4
78
14 6463747951701636390
19 6001881603200121561
91
54 1752175197755392873
40
35
20
49 6415767549493338866
61
60 5504618852603897688
89 D
5
96 8221360291624749062
24
59 2001718366617166467
4
66
78 5386193574251113427
68 1093765087779828930
10 8372023351199346732
19 634327357307375749
83
80
6 3375760337566472208
84
12
25 8257202491419066558
40 2913471301482367719
87
63 5853052102391023705
45
24 3305734309061919719
43
15 8364389503676066654
54
24 D
93
97 6433340514882285134
70
71 4835723314346002623
67 6452312175211220129
16 D
14 6860996752918728434
89
68 D
77
65 2887859174933264990
26
38 D
86 9219861713447334126
1
83
75 1130663949645570686
17 5211206461465240595
1 5530925359625332218
13
35 7833564536420624714
94
35 4423240778831130269
67
16
45 8144208220916867476
34
72 1640277915979056847
91
74
54
30 7660363337208512415
72
68 4967740643543836903
58
33
73 4977556403873777181
84
22 D
98
52
72
50
48
2
75 D
45
31 D
38
41
90 7984522115512715704
69
11 D
88
39 7100788561109663667
45 D
43 4420627812381247007
28
12 1117387325350211780
75 8275409854321613543
10
89
58
16
2 D
89 4820583309183624645
55
94
45 1877788174279201020
65 7944117273603671804
30 94470479462890647
15 7770452810442315222
80 D
20 625355483182392089
83 8025599603888736619
46
93 3399145863461252873
71 D
44
4 D
22
47
27 D
59 5359918780200648739
30
14
55
89 3966113331280575817
5
49 7626817746409011155
83
87
23
21 7688457052528483353
19
92
79 2715674217699746831
83 D
99 1817871585426967894
68
95
16 6941253685604287054
82 D
61
14
2
70
7
16 D
82
46
3 8880508782052577755
87 6317203177128061905
39 1298519776059147597
59 5118502155632111620
56 3748436144780010832
72
95
26 6517931971413282693
85
75
0
91
33 4586608716376125959
69
3
72 4480329665572770028
70
38 5213921625090973287
92 D
50
61 304042806470816278
28
58 D
39 3285333565833018459
32
53
76 267247066003827224
100
69
36 3591319937580361248
65
86
7 6613958190955685760
69
4 8573997142559624710
16
50 1740097970760065498
21 D
49
78
6 5333321915235731593
7
83
44
5 3688065332458681756
18
35 D
30
48
87 5774632012034706292
64 837230293487974753
6
67
98 7406083842724531147
92 6586115945329932576
22 4229349808612359787
51 D
6
1 2418726289830573299
35
16 460406503234861780
70 D
24
46
73 D
43 123530260709716769
47
60
4
55 D
24 D
49
11
16
19
11 6318228967626833230
39 D
88 7955833014040374867
45
21
53 3663015935576079373
81
17 4133957639263738273
17 949078231972505906
92 D
82
15 D
8 D
83
59
63 6215631849483510424
50 D
32 D
44 3795258751998575581
23
96 5033903225750711565
71
68
3
81
82 833099433961597402
66
10
73
45 1786053024947056673
49 D
10 1845551017699782557
8 5158625633648962031
93
21
97
62 D
25 D
85
76
90
7 D
69
35 D
42
51 2536951287068991242
89 7815497255939210273
71 5219063858133830819
68
54
21 D
58
7 D
60 3359591048656776379
22
85 8101563665301113377
34 9140158686243810398
52 1970213133084094341
1 434261769733418698
15 8263021610417397320
35
51
93 1867950697963830496
58 4606064611914157896
66
13
19 D
0
1 3821507752419416373
7 8496186204694894364
60 9221746804886135451
8
22 4654140172967066483
46
86
88
95
61
32
79
67 D
88 3738996587948660247
93 7292977492368825914
89 D
40
46
33
74
3
32
48 3752880315642647310
14
66
54
73
80 6776505380582900736
45 6679245872994858121
42
9 3885556368336679690
98 8327129439809580964
91
77
73
63
24
99 324280728940259766
9 3046631249897366982
79
22
17
24 D
36 D
71 D
61
10
29
37
65 5651978158792584570
60
47 D
49 D
51
87
58 D
95
78
84 D
27 6155104120138231353
7
72
8 635851665126167038
82 4692321738166223650
11
41 5063343803522941210
40
65
34
92 D
16
61
33
49
67
77
82
18
29 D
44 D
18 8091666338743043473
14
9
90 151906241030677104
36
22
41
60 680417832034696218
61 214014837222359713
36
97
67
82 D
42
32
61 8096846061753133026
19
86 5754043167999830615
95 5210161422822471664
74 6019661739808162282
21
93 2311815242251253826
45 2125777102770334932
30
79 3339940913667079034
4 4698846613508390150
52
20 262942432865791414
21
91
91
83 5764518437941370762
35
52
100
87 8023549005487507745
90 D
100
81
69 6697517164425382878
9
40
56
35
22
58
4 5041965525690194961
77 D
18
85 6500462303672052467
4
54
78 4510456550629766560
35
58
99 D
14
49 D
48
84
56 8607053493561499880
54 7679583552941112390
26
20 65782259443748264
64
51
17 D
47
24 8981815068122985327
85 1503928991485159310
32 8651459497494465511
75 108417045392568626
78 8609865980541589922
83 5829974288932708847
70
100
45 3023550701119739183
60 D
98 1872541225754908441
83
100
64 220529994497972840
69
28
24 4815071245217516228
23
100
14
3 2905425522391353340
26
32
99 2927764556365200913
51 5332461000828643810
72 3322570052725998717
94 6442867633266440232
78 9084141871232421269
26 4174576899608135920
48
42
90 748946959892591487
60 D
98
17
72 2808873531157123682
83
25 1754067397625653098
75
14 6090466029226394965
54
52 1106792906099463720
38
11 D
5
12
70
57 D
44
27
44 683555191340390557
58 3878627636290128857
73 D
56
48
96 4165184541827801329
100
96
64 4997846781457261793
27
89 D
58
86
61
23 4107207569722897064
34
84 2646630525603095016
46
66 1692220640042419631
1
16
31
13
35 8772513832091126605
23
34 D
9 D
99 7812676539691820139
29
75
87
58
46 7432194737336154318
81 D
8
78
55
77 2731919417620606082
71 6799845306188967653
33
86 7645337986828860345
85 2969455362212606246
11 D
6
71 D
1 D
61 D
56
9 641183417487209952
64
69 D
10
8 2813621814662901055
34 D
61
24 6630977582134527871
51
2 6779702527055108342
46 4867179384479974187
100 5219260311794954055
13 7140662269178684031
59 6128722132940551116
8 3028780863944093067
36
14
6 2898449781724921646
76
56 D
72 D
60
60
99 7305564450170120875
48 D
58 7088981523363382102
70
67
2
63
84
17
43
56 8751033315092217015
25 3464300607006930972
0
7 D
70 4505785349501883591
77
96
87 6060494823752578765
96
41
45
65 D
56
75 4268959360652080603
14
82
97
63 3562668182936362089
27 D
49 3921730596080707138
67 4241367055111933125
88
12
27
85
36
68
8
20
15 2579841668623350336
30 D
3
77
63 D
36
40 7331080794488108246
68 5404584975600874416
92
99
99 5409657006059476567
57
33 4495515888287077852
61 D
85 6632448849818747970
69 7139448647445924883
73 1495014232288892340
99
28
30
73
9
47 2283841693897680566
42
31 4300370197436458457
14 7558489345341416111
30 D
2 D
93 586585336091106628
33 8517828225055014550
5
20 D
43 7146737746598673140
34
41 3975434808462291986
59
73
20
69 5490501597216315461
22 5671274511283403588
1
22 2029675827971940537
7
40 318592563882182830
3 8428798959549415992
81 D
62
98
100 D
15
84
31
49
73
92 D
79 6426090380339592749
40
85 6051158668217361551
63
59 3903104099148410375
79 4515332826084170089
15
31 5271372495420083322
58 5624388614120838849
31
87
48
54
46 D
84
64
100 D
19
81
54
20 3275672441446693337
58 D
52 D
34
56 7512998907451443057
48
28 D
82
68
39
93
70
46
9
88
63
80
57 7492241008757189389
3
73
52
39
59
18 30454702498972837
29 D
90
21 D
62
27 5618427690159992839
86 6890585805321061400
3
0
86
39
22
45
47 D
69
75 2688921140763611923
39
51
52 7952218651485367279
99
21 D
16 D
2 7586396522094449757
8 3612174572740948387
61
45
99 6141130311893583917
18
91
86
6 292821959598545685
4 3572409277142267393
79
48 1641117388476750757
57 5551210275972026486
90
41
18
96 1164258484839743064
98 D
78
76 8447413913229637305
62
63
95
84
90
27 6626194556501085387
73
32 D
99
46 1170705463061634919
75 2250594191607083191
20
5
13
78
93 7497920782480446752
25 4198358634122539286
12
32
89
63
35
69 D
1
55
40
63
88 4833913377545478018
15 4634405909596265274
15 3401657639154863281
16 D
78 8361245349922534662
18
37
77
73
76 1483031959237604492
30
47 D
10
88
57 2141749384667394392
61 3798732738480284385
5 5470189560267332334
21 D
63
51 4549378889074698264
15
14 7009891960738287092
77 7432121653557119240
27 4249233826749232477
49
50 424881760575441879
8 8998587394335150964
78
23 6809582910816182098
48
47 7176568222536134569
96 1068797562693434032
27
77 1191039212587121627
70
12 5708995397832697400
22
73 D
96
19 2190679197876543134
4
50 3620568722895677151
21
23 5394125800355194470
18 2142619768835837021
0 123102022154321408
4 8724320037436125988
34
53
57 7671646322791530664
50 D
74
48
19
3 D
23 8755923096838907682
16
9
45 D
33
85 5293913197044185475
12 3295141247822101503
97
73
20
76 D
97
60
47 501605662550831958
50
93
10
13 D
37 6713146754831311928
33
56
83
93
29
51
69
78
99 D
66
2
76 5421255651561487156
3
49
11 3748151051600284768
86
38 430374893491918711
4 5268452347264525321
37
76 6077415916465664108
44
88
37
27
82 2168135085621321097
63
64 7200839413329671809
14
60
33
73 D
72
92 6441032441436539528
23
24 8051997742033263639
55 D
98
90
60
32 7594170070442754129
33
73 8587670707773292401
44
1
37 1710209763177157902
57
70
23
39 D
59 4678861515025771456
26
76
94
89 8161925864302560756
71
0 8223463612770367103
54
76 2779390572052037908
8
5
45
83 D
4
70 D
65
44
71 8753775265248995940
95
98 372212625696737008
56
23 6076530745896186437
5 D
79 4958322234867911674
83 2292877124858013724
7 1340307053467949626
24
5 D
76
38
65 3986078623229766187
46
19 2264853218088061068
45 D
4
92 D
64
83
4
48
74
46 865003418428937448
89 9179510342802760419
70
49
49
87
30
40
98 5306138283322987094
42
61 2347517032980178669
90 4642265655210377889
44 830805324228258539
65
89 D
1 D
19
53 395498837041463938
14 2343268585202221304
75
88 6609747442737350617
36
26 3349158538105004335
84 8129065172572383350
31 5697382177255590758
85
27 D
48 2319322056791246281
8
33 D
65 1771683053609497483
11
95
14 D
78 6358493460727152758
64
36
0 D
39
38
2 7896832119301565592
62 D
64
18 6645354326131768861
24 D
47
45
89
26
10 738267495059660457
4
67
63
95
84
81
39
74 D
32 4047603003247775333
22
75 D
6 1220882613591318915
67 D
10
36 133369324055076731
95 8995947510513597718
32 8186596293995568551
29
20 6833648216386578981
9 7041710133134368341
5
91
93 4273544442697452846
42 6011507008541315263
25 297620609226550008
47 4115696319892863834
94 5035493647555494496
39
16
71
55 6658997918609407216
24 5538363810584851610
68
16 9007853125449755681
13
71
73
49 711220468168450929
46
76
97 D
61 4951015952727619595
8 7368095795843832801
99 9150002378025308855
53 D
32 2309619361834377237
66 7739560606611091678
90
3 2734391435724827189
33
89 7555693318597726987
46 4518291564181539559
17 666059697594761984
41
85 D
99 9199600290054783336
69
13
98
91
71
8
7 158085390640167679
16 7922983019316569339
21
88 5842604321445341416
38
67 D
96 D
44 2574713744508664883
87 D
19 D
18
6 D
89
21
77
29 D
0 3075261525315556899
43
86 D
61
72
2 8076919888326598239
64
82 D
100 4163528881367295582
69
35
67 2744510606188554472
59 2375198741817882955
53 5877564801374843780
99 D
73
56
26 3898254972753942781
4
37 6793946796520595809
52
32
75
18
79
52
56 6422349292329315836
36
96
19
27 1362288360578177877
3 D
71 D
81
61 D
12
5 7609702959843297007
48
32
92
31 3425804743415071228
33
51 D
92 D
47 7099768112328122095
30 8643888538997307803
19
82
44
53 D
51
93 7493806109132564370
60 1887622680280393882
27 D
27 5228726673100193234
37 5782630537667740581
11
90 D
81 5936179670483655221
70 5693203943830832738
72
25
76 8068216160327691909
63
65
88
36
25 D
35 1491953461066202816
59 3585543663335335121
71
64
15
57 4389305737509347746
76 D
29
21
100 D
41 7168848352500573107
50 D
37 5942990581162300039
82 2269354276582505385
15
28
85 5628394256289066054
0
15
88
11
95
92
60
58
85
68
79
81 4591466758114287256
29 2767647004330813743
93
53 2308558511606725348
63
1
56 3798789187973231375
86 9151337073956225059
32 8589775816999420594
21 8844257345845171226
86
37 D
74
49 D
94
88 2842983916005088181
80 D
49
32
93
67
50 D
81 660286215105596245
58 1380398601459805256
35 4785554808922698098
64 D
71 2482259750523086851
13
61 6071390534744743855
0 5932454130848099652
37
8 457562830771999303
77
90 136075537215626587
42
60 1197413237459660735
68 2259745042870172603
84
2
79
45 D
46
96 D
80
9
76 8352107564736000555
16 3409323746105154390
78
84
13 D
2
13 6972172079194751839
57
15 5363285909954427197
40 D
24 7093724303149806721
94 5172632458574179741
12 D
49 D
11
59
64
2 2390846919413119157
93
92
35 3361777387623443147
87 4257560179517277428
46 D
61 7329352126595549828
6 D
68 434539083660068935
37 8493994754026468865
90 D
32 3666005817683525922
61 6754350300028348431
65 4607155130310703955
60
3 7781554049779768031
56 D
8
91 2809653994692748336
37 D
84
41
46 9169183812141443926
79
64 5834721038299555232
4
60
99
63
16 D
16
58
42 2078516149036140327
94
76
2 D
56
86 7575052422561878810
5
27
86
83 3638775960592476560
47
29
22 1532815592432167949
11 8030607347011526145
77 9056268813946631276
24
57
71
56 2120459847602302421
29 4294914554238807482
75 8656802964156412314
8 296380378924762583
54
46 5173435429229032771
87 D
27
19 D
20
30 5619696466859428766
23
71
94 D
40
81
35 2830183474565562747
18
48 5748399036312959502
14 3859750415972389086
21 D
36
100 6427499577336531910
85 5514374556560744441
78
9
49
55
87
100 8679949824147568580
37
93 D
7
28 4674363702569306297
41
98
28
44 7789950303536309103
85 8980856576002624461
19
19 2248578798749888225
24
13
73 D
37 D
74 1778354846297203791
91
64 D
78
84 D
32
20
100 7462348881698228814
76 4383561169401833269
11
70
97
67 D
31
67 8386633875557068590
8 2761035109478865850
31 D
5 2223192010903338501
7
54
49 4738108198204814609
22
81 D
26 D
76 7895470480345780536
9 6537954879801996378
56
50
16
53
15
18 D
22
90 3619757770121678106
43
77 D
51 3800725705014049705
4 2275626819943954920
5 7275422165478375089
21 6377729965191269938
19
61 6667251859876700193
30
77 2970412910560027741
44
62 2521815098779573795
1
45
26
22 1286404508921058665
22
52
8 D
68
54
17 2523582119262138840
40 5966545141279762868
81 D
52 4178345020034665793
48
43 1326266262695350269
32 8612684092407518124
54 1405867718328857138
15
19
96 6670535406156434062
39
3
42 8936133491864722899
14 5350950437203905570
8 D
1 269923613388969684
35 5911519691320146174
29
27 7732859606992983383
89
57 D
56
70
28 8161409954392362022
71
82 4604524746494091473
88
84 5074499741923836214
18 D
47
44
97
73
21
66
49
86
73 6968041429351018718
98 4464397068142446708
84 D
63
30 6271083052406769594
62 860635005192168645
81 5245564014687341480
0 303567983471481973
5 7329696276914365988
60
35 D
54
65
57 D
16 5267410245608846463
43 6678949251647571648
66 D
60
65
63 5119572042877002862
88 8459907888074056905
64 1220943560407369031
97
55
81
96
45
48 1509386033133283391
17
2 2606627899353974822
87 6785263581691401020
20
41 D
42 7572747385524371120
86
27
17
69 2559551265363936102
8
32
15 4708727827794073998
85
20 3460975149440807749
31
58 D
8
61 7640352385705807143
22 4311890903639367955
95
88 D
48 5449415870123065548
33 D
7 3273841413074070439
38
67
71 D
26
62
29
31 7885469872247198865
60
26
96
44 9181995606583816337
20 3798450440919382292
62
58
7 D
16 D
0
62
91
76
90 D
49
61
11 D
17
65 2113120822551130406
45 5188683627226607538
89
55
31 D
40 7442107279806909520
82 D
59
25 8282108241090729384
70
65 D
39
2
73 358469627848838377
92 D
75 4739512377274162997
24
78
50 149957125573461908
50 8937068722429239643
65 5714430878099257162
81 3450744232247265051
35
13
64
59 D
82 D
35
64
23 8620068814050717746
55 D
15
76 D
42
40 221125216102799870
47
57
42 3413911070344366929
41 288948224357918567
8
85 3298565890698597666
92
84
46
22 6204564353754530227
69
45 5480212274685812360
74 1415685290510704074
100 7198478695193296194
14 2375446141230350700
20
45 5286405118934002623
71
35 D
48
27
6
92
59
61
97
84 D
31
40
25
84
64
30
58 6499129071463647428
77
49 5261711879109977877
64
74
64
12
0
35
47
58 7497300329588319974
13 5801345295451843249
67
58
24 8810321712717883674
67
38
71 433322514366170614
83 6398885208470984801
70 8968377602163964769
50
37
32
98 7944031394041134010
61 6891144127287995038
47
31 421901456146930781
43
2
96
27
36
24
17
85 25424878969309057
75 D
39 3354202737766214516
35
72 D
63
49 6306345184649777671
81 7717910167897109253
77 4172377520190068265
46 D
13
12
45 D
71
23 3673662035178162276
2 5781285225890796301
42
25
55 3520303208064994717
50
13
10 192597214010918064
9 2441261219351170626
3 5294006081805029626
58 8796518355488269063
37 4951896789971766234
80
77 6624634609311839302
58
71
67
9
37 D
26 2215643206552770955
23
62 8642818324913673079
68 D
49
19 D
73 1766167559103711524
1
73 3417200065986182318
52
54
69 1577157841969025514
9
62
91
55 1596863382213819568
54
68 1758573637741035884
90
24
43 D
83
13 2963013076153205645
93 8929764923344042667
3
70
30
86
26
92
10 7778914337831810649
31
14
46 D
44
52 D
21 4762658484557089386
96 291251737467696012
26
37
54 3710123707612810562
10
7 2842594461479029596
30
4 D
68
30 5086219109701425860
72 4890414936804326093
44 9197075044117020309
74 9904163434813864
48
57 2100312218748283975
32
93
39
72
98
97
41
98
9
36
98 6657374135711285924
97
55
25
78 8696498174473095784
99
85
18
63
75 D
86 5166534743738094826
50
69 1944905454252125143
4
77
43 1924595234171464710
73 553194951200099324
33 D
1
25 8999065057647709890
29
14
69 9023512833707036469
32
16
82 6387574065515440246
73 4352628040081997858
24 D
9 9076482113965300440
10 D
88 6709995491979296895
97
56 5023130914208237223
76 1867068511511886959
2
55
8 D
25 6071649905034229197
29
6 3522582579792489817
87 905447096847813953
69
15
14
93
1 7083583006138371900
57 D
16 5104264300572895342
42 704661577696097052
33
43
38 7379139138437342014
15 6221286669551291023
3
85 3558205834086528958
34 8599873083345944132
56
23
67
27 5500559774692241203
78 6846837697463913962
89
5
71
22 2627623106108520731
0
95 D
17 D
26
81
6
23 247607811925459477
97 4914348166603903525
76 D
16 3554583635820146496
36
98 4847780634926452463
17 1314526586074161085
6 5879147785866928114
34 3701459532852138705
98 7545694249855812155
41 5239719724078717843
38
71
46 5031579452559177424
25
86
18 6435145755263753996
29 5292782828083368248
81 2752506172887330039
8
94
71 5802549461487872660
86 2884723058105733857
78
99
39
84
92 D
58
64
3
93 6921452567899662166
41 1357048936740710282
16 D
37
68
49
53
35
81
81 3147163346534138970
44
88 174322283085768265
68 D
27
71 3478621157246274155
62
3
31 9118589027728169947
97
88
1
78
65 1491492535326069611
35 4698061416767109979
86
29
88 5762649060167100973
14
43
23 6387635440221022820
68 2090370501870493184
89
96 8974862809500278269
90
4 3545458045659233779
20 D
72 D
21
95 1530756676360369129
86
60
56 3459477791493676835
65
93
85
87
59 39960804195391596
34 D
1 D
90
44 4796254951043706474
41 D
0 2392644341044362121
57 4824340072365531947
10 1702368220619240972
52 D
64
11 6357481231589229470
32 6468824032380314766
10
78 D
48 7263130886187283517
64 522230692617763547
6 8766649365774455332
73
76 7128332423433686866
11 357970906458330274
14
33 2156899400664609244
0
47
8
24 5052253895744855916
99 8377361690973535952
70 6321644704505038062
28
41 D
20 2429452367818687528
31
67 6844544231307426072
49 4873243238781494448
52
10
11
38 4669328181299425939
27
85 5329507986119322893
0 5755209174646579815
82
83 1547967737579140687
13
23
19
58 379631711185755970
41
53 4685462961986037902
89
44 6857443896915876909
82 2674421013995335941
66 8330922440643127116
38 2088659867571996747
16
22 4857941640554595020
98
34 D
57
72
60 2845462554515428092
1
7
42
30 1132675812014749674
94
10 6398871847932348042
19 2960799485260840719
87
99
18
14 2212062087570051740
16
84
71
70 7810425527429016164
44
1 D
81
29 D
77
8
67 1641938123520272447
27
29 1494749444906891510
78
39
95
72
52
5 D
67 D
23 3784334528354919375
57
81
51
68
23
83
84 7471773188184142857
51
90
31 9027704853549294213
73 D
43 7461319787508313363
69
9 D
51
13 D
70
40 7761833230451410067
61
58
92 4989169065024285328
75
51 D
42
78
57 4689529803615503558
15
79
44 3571375260081415549
67
49 4216887209380278128
25 1499987773227212169
97 2906961022683520350
50 2102047440651405079
45
48
3 677586181054336391
79 2367318675221766769
78 3821982327909980849
37 4825143773829411161
9
96
5 6180187160791791301
56 D
89
95 5293856296734621360
62
100 2451323272957397388
99 D
26 D
69 7176151028486358867
96 7506375395594019170
6
7 6501314704472953986
32
79 D
56 D
19 541010816270958163
45 5849747723169029603
86 D
21 3389462192275764013
33 D
32 5270363598377930666
48 6895717091672418213
19 8154942812406931111
90
96 D
5
82 6009444791889457910
67
34 D
2
3
80
84 D
89 7438369231394642110
20
68
77 3276335628941591442
54
82
3 D
97 7154933265861895219
99 D
93
66 5517484426930542458
74
33
12
87 4696699158906820371
98 655280055822027073
27
65 2073763232104231708
81 D
2
58
10
5
97 786274227243476352
46
85
60 8740817296212539863
36 8477528883995374210
56 4297324043256774447
55
20
20
65 1292523734104247176
21
59
24
25 3701129543117051609
93 43576695451543780
59
90
69 2953708098820616879
93
9
95
13
56
9 7182350995939640054
56 4332336688494180934
27
52 7555171159935846747
43
50 1815672345650896959
31
64 3670061020708547801
77 4445041974809728148
94
3
61 6856721341212398444
16
80 6374037753450439330
2
42 525689322916824805
11 2175322002010085795
64 4239509075243935258
54 8898372306620731013
6 D
94
48 5177743812027477164
31
89 2458796474089958031
71 D
99
19 6425569032839288940
28
85
99
71 D
62 3427997587194366300
15
8
81
92
84 3048588579167580202
75
28 9095375082187208462
42
64
68
41 7116203983426637863
55
15 D
26
4
41 D
84
5 5589228792457790036
83 D
87
56
76 1155821427331190131
100 4316668445286495857
52 7354745918647946923
48
10
59
22
26
65
19
15 D
91
28
50
98 5102354368256953108
69
37 4013129025580274684
90 6910273852743545846
49
64 4861564290446379015
52
44 4649049976009590154
32
38 D
88
67 5544094582158942483
89
10 709774996032091033
27
23 D
99 8862555277924155643
81 9048703028521303610
81 8949889977159788913
20
11 D
53
48 D
81
25
69 D
93 489968220423689377
2
46
79 1726866801524425369
7
91
9
27
69
94
19
51 7874341021378788401
50 D
9
68
54
34 1508295944379026152
47
46
88 D
38
76
22
15 D
14
23
75 1355039278262055755
16 D
36
97 D
26 D
11 6961273857162226406
55
34 8466472821012564051
46
35
62 2523098884764396335
3 D
11 D
52
81 3697934326771745572
5 D
7 8124786656675555721
14 3475116482632851101
58 D
100
95 6253200735589065947
18
34
83
64 2349772216308524624
31
11 2372843106888966110
62
62 3744899548234074922
89
80
91 D
1 3790083751649623189
84 D
77
90 D
54 6304042498867131144
68 D
22 3059771386852384353
70
24
81 6744086321840276856
6 5754648599267410697
75 5091722960247212102
0 1411535408154258807
96
68 38135507371436157
21 2491611288478739263
13
72 6811179452269662594
63 3809982329158635179
24
58 4375035535772916019
6
23
47 6105163641917634001
66 1746839705364373220
23 8864774978923959299
61 5080649626196085404
24
74 D
94
62 8034363362315550708
80 4651196875326891723
34 D
51
71
55 1740569956203944115
32
81 D
46
19 1173328506271539195
49
10
21 D
4 D
27 7699498508192223808
96 373529605724740563
16
16
24
16 8884214385515448978
74 4063836443974857936
74
27
29
73 2714357224335449633
42 8908317612483053773
72 6385732914798664352
33
12
76 5169961525486049338
81 4944416793690827146
51
22 790390297820748911
25
76
26
92 3131261415849661095
89
85 629210405872718793
44
31
27
68
92
39
57 D
10 464508262816916799
45
34 1844606088767124551
22
32
92 4906594304275008567
73 D
78
27
83
31
12 D
48 897657774435932728
59
19 3623001667332187676
80 6474519597492348505
58
64
38
38 861824254201207557
88 5150728969402212401
41 D
14 4984890508002451859
75
67
68
48 1640121072423266285
35
74 3106496818878386829
55
36
95
46
25 6910658877031321475
45
3 5921556535226053380
84 D
8
76
37
43 D
66
51
24 5670199615864617690
14
50
13 1804395758039933287
46
75 D
75 7345978420914922974
41 7610780605543886534
47 6289935213359985769
2 8338363506900235458
81
26
52 D
1 D
16
88 6918363876869797602
26 3760398653959794113
39 D
72 4017188469122040726
63
48 1321443747197733939
5 996495548764887009
58 6875793680452850824
99 D
98
40
3
46 2322001915254843592
37 9176571521326102250
95
6
15 D
63
4 8505848528453731368
23 6208536306389800917
74
16
70
48
42
66
63
75
24 8510376037017607071
29 D
15 D
94 6462552733901838729
62 2816836021288160119
51
36 3072441757717473081
49
24 3494872820863218460
84
7
7 D
76 3277032828153652739
67 25084911366559884
97
58 8602466666686144867
67 2258935667481464783
93 D
31 174781395036798359
84 D
42
72
37
90 D
65 998464406836846296
23
7
67 D
85 4917991196058167483
27
83 8038412543724862876
35 5285382524016136831
7
83 2388403626903345192
9
3
68
1
58 3785626843869430620
74 976598103799796643
87
30 2133045146677896809
31
59 6525889380061107695
89 5932973169901835694
62
8 5310577626937424272
69
35 D
69 D
8
64 1877310996932470114
99 7694051664367152267
4
55
42 6070850471294174222
38 6071829928067094689
26
61 D
52
72
88 D
34 3753889728843343921
74
37
70
71
52 4896597833206395159
41 D
85 565673094640050287
79 D
59 5914831456113028279
3 2805858721288292635
72
89 D
19
75 D
78 8853262035579367598
11 4830042701793546920
51 1035499171900580804
76 8462223363967043576
55
70 3387395009858647432
13
15
82 3784315896213729269
59 2013225584433516320
93 1484302775410420070
94 1308625923936405457
34
63 D
84
59
95
67 D
81 3753328074688073654
53
61
55 7524526487702082545
43
80
8 D
81 3628817714068168950
9 5207696935936191931
6 D
0
72 D
84
14
1
87
87 8619208474106903206
95
8
9 D
12
25
86
90 D
12
46
7 8630941789496320121
60
80
84 4786395655397813750
43
23
18 8024568230850952741
56
83
52
40
59
48 3825835028260183706
23
87
61 D
6
81 D
92
52 9044456415251390650
61
20
60 6446096694794381001
5
68
60
38
83
43 4529504504004057019
78 7325880094144155987
87 4209049282277763912
21 5383701541375822376
99 D
45
42
11
84
98 D
74
64
58 1416625751813423774
17
16 3853103790744183002
67
43 D
10
49
68
86 1502364709109923381
37
84 7633519530875315377
62
48 D
11
41
44 1195864956666480920
18 2215131181705744064
3 D
84 D
97 3781124113537766036
55
45 8356933328505530993
40
75
38
12 1006727174172586901
63 1230453009162554712
19 D
95
53
46
27
50 D
1
11 8470965863076305834
59
12
34 5854884769711438436
98
82
70
89 9117981997322974625
57
58 2353485439222490952
58
37
42
85
11
88
20
30 5807653693630725000
92 7609053820053354335
18 D
40
90
52 D
68
98
26
93
1
84 3082113363102571648
64
67
66 5823710735498168160
85 356808475530061623
43
83
62 7963334116190857909
22
90 D
36 5092694798418766091
25 7528476021944876453
8 D
75 D
96 4747072722366911478
92
88 D
69 D
37 1881331359586157833
45 D
5 3161902507768378588
31
24
1 7318644376543730649
22
23 D
43
21 D
65
37
23
61
71
100
94
27 D
15
72 4260692144134382636
21 2551267767917816523
15
60 4376636521599876302
4
99 5071958074491362166
32
6 5639974043057570996
76 2616523753348012196
96
55 3073470152361911661
75
12
23
34 4840206407571750424
33
6
62
60 D
86 6642922449734069581
93
61
77 D
97 3371507240325799956
52 8584014363256269185
35
49
20
19 D
48 5883319174043067340
59
3 2353786244408965824
33
25 4886486993376249947
16 934603909533736061
16
38 D
41 4514498278796911241
53
14 483727259761504784
47 4753165988556696772
13 D
70 D
16 7419113209529433583
1 745671648816038282
7 7618728148923416069
23 D
51
92 2457486592968753790
12
52
48
36
18 821913420528525718
59
75
9
93 7575079033222579053
87
67
35
72 5044467495870013215
32
8
85
13
46 1768409271167110905
51
10 D
77
35 D
100
89 D
83 D
4 5023658200243999554
49
89 4967801054836376931
4
47
55
69
68 D
29 3680763251037574749
76 8168187249038570127
1 2851414747877893401
40
90 9099141008343365
83 4196978025573445814
1
61
69 1180553444523293383
54 8112777726290844585
78
8
4
61
98
92
60 2982643634831268273
67
32
39
36 D
69 D
37
31 3690914595547942838
22
53 D
85 7870451620303552653
86
98
72
35 D
11
93
18 711010538992836291
15
29
11 D
64 5394690209294611404
96
16
49 7074939897139254148
82 8401687843316786101
82 8140555234171763700
47 D
70
69
44 5421098760411997133
62
46 3844496244996697878
24 546750734592532511
60
64
23 5121215724551938709
52
39 3624390792682230246
31
32 1876296293731433979
25
2
10
2
45 332091644098338850
26
49 3691760569870304626
7
8
10
69
30
82 2255952294600517698
91 3746719166913990230
21
67 D
2
36 2186066580402886922
78
10
38 D
47 1717542564935548293
66
100 3900610444475117840
3 5155318314347576982
11
66 73554745022763421
26
35
75
17 8688880056664997112
75
15
6
37
77 5797236578377063897
81 6314952537287709008
28
59 8685148975269266631
88
76 3373723601155607655
77 1914628975875665005
80
12
51 4144651069491418124
65
37
12
82 6697487679635105482
43 5660219816161415527
20 D
99
12 5640858339440722942
41 D
88 5874067966860229330
61 D
19
60 6668542250155859028
74 5034311228621570813
41 8985261002836454786
72
17
42 2682985964011441958
99 6358365250309912110
37 3662402130346424765
100 7458916834873309800
40
35
11 6651320782001449188
65 6917383437160263685
69 D
88 5265050096828311243
91
72 5672533250851752178
9 3398292565774886099
88 D
64 3079733226251019209
84 6898228887468959060
72 D
18
1 6948609574726510346
90
14
44 D
31 D
40 5729503445909653307
82
63 9030968987750486243
99
4 1007194799695552294
11 D
49
37
0 1336697748826167407
36
94 1584343103319286345
47 2056387618946881986
79 151223794191674994
57
21
80 334586337739632800
57 1872539036589255885
22
55
18
9
59
53 D
44
12
2 2166087107233102196
79
63
83
54
81 7486197371573060077
22
7
35
35
23
97
21
15
75
2 1071798742461889125
85 9138716909375228206
55
0
97
17
98 D
70
6 1179746180540945385
47
93
74
37
78 2846881838679311019
51 7670948162870049475
83
43
25
50 2853022278799511402
46 7892598850856799686
2
64
96 D
47
71 2225698197194897261
46
25 7358471219392669044
80
1 9010346759671084031
17
3 7869376735074975686
81
25 2063368957855298291
42
39
0
55
62 3841385717522597168
52 D
10 D
80
81 3370051595412176575
39 D
18 2781763455157652386
52
13 2670394479973957450
51 8426843861264765091
24
39 1854485343730037745
60 2509640298836355684
58
91 D
79
57 4640051601121249383
1
23
42
1
28
57
1 7767372398932880542
30 7121270099526418333
100 8193547661953033607
76 3903397257370101529
10
97 D
60 4566847232465068896
28 1345949940447969012
58 D
49 989000574365383045
87 D
65
82 8160413257938059726
44 D
70 D
73
21
22
94
41
52 4897745407204761466
1
95
21
16
9
10
9
15
42 D
59
1
71
59 5238208479995618114
86
29
11 4357544433631455049
12
81 D
63 5408059037854278824
79
69
58
55
53
71
51
80
31 8137395880162594454
52
76
98
82 D
87
22
7
24
85
9 D
30
44 1301711199200986621
46
38 4333265062777542553
52
88
69 7117469331528844593
84
93 7668138131234099913
85
75 1964529792046093509
93
74 1262118533591067071
24
45
2
27 1167665905406805191
0
52
30
70 3743145254894824578
16
80
74
47
8
6
76 D
17 3949733174657766741
67
21 5146712595777737620
34 5808607913384064009
8 D
1 D
35
61 D
49 D
19
92
54
38 6127802780423603496
30 2641683311821735283
50 3653075896051169752
38 D
37
85
64
6 1956454383569618283
51
70 2628860040102114945
36
95 6523520685623223377
6
24
17
90
25 D
58 344280821937347080
41 D
25
28 D
35
8
57
59 D
81
39
64 4352718334083160106
45 D
83 D
57
48 9202423674244567103
54 3754908587741695635
80
59
77
80 1809718890789751360
22
20
81
95
4 D
100 8606640392199205827
96
80
83 6588042182142034912
81
62 7871096712573096204
59
88 4634117080253511663
64 D
17 5144903516253659736
99
52
15
78
9
71 3420486694357345144
59 1636721800620619993
19 5381866931089146930
12 D
47
71 8545067895983403759
32
80 3165549291162416909
49 5349109525300648286
2
91
59
68
100
88
49
23
31
41 D
71 D
27 1423143177672668870
23
14
75 2414127108639527886
61
21
33 8019418665344982485
56 4896767752407389265
53
66
57
11
14 D
19 2928381372457742891
87 6334349922351414791
27 5769391528663526447
34 5357670536075070189
44
38 4014745258005104670
29 2650482915982198902
87
77 1131304647749310480
8 D
55
25 D
90
63
41
20
72
27
53
20
64
91
6
36 5969627868354382955
14
24 7012649960187431191
18 5055827463135657698
90
39 2154796586674690853
91
29
72
79
16 95213902124991174
55 1151059556463304400
81
83
100 3533841155978941799
6 2606167835075293303
18 D
97
30 6721443393601059945
0
85
99 D
67
89
88
23 7911402229647124273
63
96 D
58 1170962787395712662
69
75
42
100
73 898696651219669989
51
68
70 5340114705158277486
51
8 9156547562210554746
78
91 D
2
98
87 2124196310895948208
73
77 307590830460234124
86
91
23
89
50
11 D
13
54
54
28 D
60 4216988371114823957
45
95
21 1609344520370312197
58
50 8711263906537346904
72
38
49
98 3901625360957430643
66
49
69 D
62
74 D
16
48 7108057935518692092
100
45 D
55 D
93
65 8118718724882733864
83
14
62
86
50
69
3
81
66 190580552744370642
69
42
72
61 2871255660248254809
60 2233647731235082580
92
91
92
11
92 D
33
1 8735430877818407147
18 5252894095934837287
12 1343282911558727422
44
38
52
97 D
20
88
45
82
54
88 D
10 9042202026881844807
39
76 2933367397278781525
69 7490310922016006445
6
27 6665586744191497875
53
79
18
68
94 5079594986585307931
23
90 1959374127699543864
29 195122841100879635
83 4109615657384983774
90
9
89 1362215390353517453
46
48
95
49
42 4486209382374362574
14 D
36 D
29 7041130344042935200
59
100
35 620873699075805381
80 5671154289027013644
43
3 1746525499902087338
95 362827780473789537
65
58
95
100
5
31
32
25
33
91
21 6624507783316063921
35 D
29
78 2512855686258634929
73 1993575719139998778
62 8515144237729368953
58
86
89 D
74 3760856683429085851
85 3175188184531584314
28
2
94
86 2196682370577583307
23
12
80
41 7964120330410792432
86
41
38 3153699227832341542
86
6
17 7121111715673473742
72
2
45
11
79
70 5908485702154579625
29
8
17
37
8 4033819853894112817
88 4044570926118859094
47 3409606736431789632
25
74 2541669939716277933
73 D
99 7455566876657932266
56 6043990971433002186
8
66
15 7317106112950620683
9
22
31 D
56
15 3535212448014796864
7
94 D
98 4194896877465986835
39 6348121498448419165
36 D
91
99 D
61 D
24
56
96
88
17 7127108886525915416
84 3514049056102771795
41 D
99 D
74 5772356191150904897
0 3096449311570229630
74
50
88 4108739456573095854
73 7712858401351194057
56 D
57
42
63
48 7851882986774426382
3 4535559746395549044
31
59
7 374265410174264389
34
16
47
47
47
0 3011602467395191129
80
22 7591258169598430129
44
73 D
1 1809106157844845431
52 2463881433032415035
4
56 8438303253716141758
60 D
44
78
43 3984690017812099160
68
91 D
75 6737158572016403883
38 2526650567255809125
64
90 D
35 686282883368782596
70
59
59 7142426343342720245
4 D
53 4091938294789883518
34
49
84
58
72
78 2962221776437581604
68 3899363481809583506
91 5356930392873371223
32
42 D
69
28
63
88
25
49
22 1484528377474332129
64
20
12 199463018956997881
68 D
36 3946278766724539236
86
34 1036800265071664960
4 D
80 230633711544233421
21
39 3205782037516971502
81 D
27
71 6567702503328719272
94
53
28 197593971038276278
1 D
0 1428998890068041815
53 5809589069260587537
56
75
9 3712047888272379359
91
99 5925706186570456986
92 D
79 3374283782053875471
12 6375740113286601941
36 4261139123370908345
8 3092602710096194740
20
29
4 D
94 D
74 3334704353462476507
11 D
59 7281087837214455896
57
0
5
12
64 4631586686090271187
54 D
76 6953080193127359435
89
48
14
95
60 3300019186277381815
54 8917336983322650800
71 2553599883507883496
24 7103212883993677971
56 1651702105756411040
29
82 7474614085620643255
32
30
49 D
20 4067143900948083021
65 9139109551138255004
81
51 5779718031744618611
23
38 D
86 8037297513069966881
98 4336787648984154030
69
89
75 2259597488013372665
2 7681320720164788231
7
66
86
89 D
39
45 8659522651598422472
25 D
33 1162992473109976703
3 5019015604240724094
4 853852951521428985
18
91
80
87 1841773365836949947
85
9 1905168595656777841
86
95 3651725072735482332
33
5
85 D
70
64 3683348241969514961
20
28
80 5980346792429390453
9 5343048780035487235
57
71
58 D
3
98
100
32
70 3302492918696873593
15 807750984358505296
15 7719404947252644615
74 6893482452656339945
26
29
93 263013836388008021
77 D
26
10 2816863232626461763
31
92 4241010539397211926
53
7
81 7847907214953250741
51 D
90 1978470093670374456
22 6297464643045751282
64
97 D
70 4575132007747291467
67
95
15
87 4460775587188527987
61 2295810913702482985
51 8756275552677018728
72 1312413795926843007
83
69 D
44
21
9 9007535980134768347
73 D
86 D
88 4978013605719835353
33 4737508220289303512
51 8522325182144759352
28
82 8273405146011477497
85 1964227641253103160
91
69
44 1861551301623677376
10 D
79 D
13
15
51
88
37 3197211763681826440
62
67
29
89
49 6442237516924273839
64
3
97 2785885023740405705
20 7954463610051963843
10
79 D
32
50 8701070495232121888
71
42
25
17
99 D
35 2469638001984849742
75 8354245736517474179
61
86
98 D
46
35 7149928517002685729
83 395448902095536214
63 2680144242594296912
100
54
97 6444206924770550671
15
65 2457841650177754918
28 5484575255344545037
34 D
81
53 D
98 D
97 D
57 D
93 1771718394536081476
68
89 2884008456721551710
74
57 4549611958418881182
90
61
73
0
34
62 5917191052111814104
29
73
59 3624112234368853061
82 7502904709355984902
51 4093298928633527519
93
91 D
27
88 D
24
9 2852584877606098161
51 4682870426419133337
96
7 D
40
82 D
69 333074849737901607
57
66
9
59 8724879790242161852
82 1258888895373045027
21
81
99
65
89 D
81 4571061592972615562
65 2659589353772723813
62
99
83
22
19 4987623226217018478
94
26 D
7
12 8385031505577078452
85
75
100 D
93 858756547332147173
46 D
56 D
0
57
73
27
77
50
36 482302884646359894
99 D
26
82 D
71
44
58
59 D
60 546726580953256130
72 2265783341376772639
14
96
40
51
92 D
82 7032832942762094854
25 1673892661025663531
83
84 431244223687575825
97
27
18 8401561262394382475
6 616235479247895733
8
57
29
12
82 D
41 D
59
24 8838361114188934214
83
39 D
95
97 3023613719176411700
81
22 4567024518957616847
20
7
41 2968838029619878100
33 D
1 3790531632460358973
38
4 D
34
28
72 1958911900299425724
33 631021853312830695
70
91 7266811599794304851
26
11 D
54
94
39
62 4615876703393243124
58 D
39 196991701908720808
38
38
95 6545010545126159235
6 1356905178067079435
13 D
6 2654917012282033422
65 2027705614564407476
21 3332126492701562567
96
34
22 3437524146282791964
67 D
25 5041606008956635010
92 8192018549586627410
76
13
98
23
53 3704037170765401841
68
2
36
48
4 4913160319655011590
36 5416257151458497095
60 1773914813361355102
58
55 7864181959227369072
25
83
2 6214062309932512204
96 D
54 4375957834304724219
76
71 3040523047026177177
57 D
22
47 9215138914509553165
20
22
34
25 D
29
7
8
45 D
39 5594258182829907346
18 D
87
49 840939843323091794
66
71 D
70 6551845727987890917
59 D
80
97 3898119815134967581
89
24 1235102765279909312
22 4332327999645599822
48
33
9 5743991337370901926
62
70 D
37
5
67
96
58
24
73 4357151458529734227
46
55 885810859156430241
94
24 6392207411378806289
81
95
74
39
34
2 D
16 689166487284928265
59 D
16
71 202067984782404463
39
81 1609917426474281821
1
80 6397567287725566020
59 4271231282990471844
21
49 2870239217802983534
41 D
77 4647253790061112505
100
33 D
13
47
14
29
15 6007549470488183892
50
87 D
38 D
12 4860639602740295260
86 6059975694433215061
49
89 1639699113438130492
56
34
20
65
28
69 7897378539931463157
51
0
24
63
60 D
47
22
81
60
46
35 5204189143702291955
71 838511483278289887
72
11 3999565360146151146
79
74
96 2980341686905638827
83
32
88
52 1374202815504377512
49 2207692123454533353
11 D
66
37
98
41 1733976153182832199
13
50
21
91 D
3
96 D
38
29 5477657961948447894
45
71
67
67
94
93 4986783517341015649
68 5148525269694689082
98
36 D
54
6
40
21 5737332957384564748
29 2483549022269090941
42
92 4020568544089049992
85
91
47 2231803706251294904
20
34
52 3035567398791410972
82
36 D
60
24
82 D
40 D
86
1
27
82 4657422852445937074
48 D
26
25 3494107571398216636
67
53
48 2676874435605075115
24
7
19 191508651759717662
64 2530352304288645670
18
95
42
39
48 4925599660288427984
1
53 8783362394366268868
9
52
46
30
91
85
93 4783339260976676279
73 4351657978358344136
80
65 D
37 4935841630101775578
49 5584737999533620900
100 845237290783105702
15
25
12 1450582198456752207
12
45
15
47 4906132210877428973
48
52 2647021475423928889
98
30
71
60
56 3430272855932925718
44 D
49
63 655668723859249587
39 7689726731750135001
45 D
45
8 D
50 D
55 2290062019350098579
60 1829187227292323471
4 7174440282857896678
30
42 D
2
51
21
15 4671729549377331374
52
67
47
87
10
97
73
70
73
86
49
82
51
64
66 1506763561925300442
69 5548624325643833448
9
17 1347766159131636743
73
29
3 3642845873795573158
77 6265663872680262141
17 D
73
25
44 5317814822583288628
2 6458155848028093344
100 2409346879155280169
30 1947414275655868156
35
65
45
19
67 1624337535573752616
2
29
28
90 4456935954686022561
73
15 2385500201762617376
2 7349865899924098011
57
69
73 8997864079140469742
20 1569711235030423301
29
10 5888021569472311457
70 4255010329380179084
71
56 8492499673309449766
28 7667851550574098212
11 3919187154106381023
80 1977062596709838406
39
94
89
28
40
43
24
62
8
62
50
64
82
96 D
92
7
99 8043691569325040792
59 8182991044001505159
32
33
89
0
75 D
7
12
15 1518385794684580631
72 62029166152999364
73
64 8806999709638826448
92
26
50 2986353676086512088
88 D
57
8 3816217790190780832
10
85 8097675092835685598
83 D
84
1
84 3530039051766679845
26
8
95
8
3
74 5132863938061527984
84 6076808329004342781
25 753300012577738560
4 3387918980970243162
21
37 3265521179827524540
85 1561680435035766188
54 D
77
39
4
6
42
51 8779386131413732164
86
94 1823127577106748274
90 2447880206526290857
100
30
45 3604782886413710324
6
13 6817986893478173743
100
33 7116428443598595625
92 D
55
32 D
47
96 D
44
70 4319850728352873569
92
4
54 783752938532162497
32 8763738972442946841
57 3726036686212869558
33
43
13 381058987410116734
9 5752638791451070210
32
66
46
80
0
73
46 1338653566880353863
97 D
7
100
30
32
91
16
89
95
88
74
52 D
64 4083719645449930952
64
18 8853146557493268109
6
52 D
68
6 7514235856280397882
81 1483557031486024483
90 917282481386079692
66 3858229002537134612
46
10 936804930887831057
44 1648971241049851443
15 2973599390720409744
87
96
97
75
31 7920037234846456969
24 3845777345271852222
56 D
51
72 D
100 D
66 7169176375341362681
32 8819546347156655962
51
46
49
41
81
98 D
24 D
91
22
17 D
76 7541183571725624422
22
65 2857695804618935934
10 8455213991762708331
33
74 D
77 D
94 6312546125364293891
47
29 D
50
60 2073370513425054811
9 3066973858713115492
76 D
85 418062488301629164
53
72 2923030929967178316
86
37 6740136824158053123
100 869194949390986902
37 4035227252885248450
84
34
85 D
42
64
41
20
5
6 D
39
80
32 6523523208850070156
7
1
1
78
23 D
41
98 D
54
86
83 6863125680417407673
18
15
18
51 D
21
64
63 9014292779979438637
36
71 518247608796020352
39
11 581219604512229669
16
15 3022240365689401056
30 5313390779383875859
14
42
43 2843371855965241126
4
20 1093375293949217843
9
6
56
58
21 8755611882377954418
92 D
23 3422561190476664050
1
78
52
40
34
76 5184079948421888823
44
40
79 D
33
80
83 D
86 D
32
4
80 1680742626282209306
38 3582057676456420823
87
81 538459198422672874
95
79
91
80 1783503713410747982
94 7796946520849478303
43 D
34
0
52
65 D
39 4403421311010713211
87 5153151138839266262
54 3255902991077847828
11 5735284988425239157
24
82
38
2
69
94 8098743075944817086
84
10
74 6706716436475117719
100 D
7 D
45 4628491791401523164
10 1214248870887935731
45 D
30
79 D
66
87
44 7998721552089662494
86
56 2502037632282909500
10 129534726437884821
39 D
52
24
48 1036682235080313156
58
85 8553146674738017997
50 884767444192125382
35
2
79
32
98
92
99 7026176251036829304
86 4636716762926534260
5
88
18
33 4765891107865897937
0
27
77
61 1525921515098269586
42 669958768692109349
4 D
66
55
65 D
4 D
55
56
75
7
37
24 3235068369858691570
48
80
4
79 D
2 D
60 D
67
36 5144603938283642077
71
71
28
8 6591810507012432352
96 762098690353808962
7 8486971870285157998
23 D
79 D
67
25
42
90
78 2526755221521701803
39
49 6803670495858034766
67
24
43
46
27 5035972540810115906
22 4926404442420619020
95 D
0
25
62
23 39487218543335058
3
34 205791728863219382
68
48
61
35
2 D
69
30
95 613959697469327879
10 D
84 4110838192477665060
94 6061103464533262370
20
67 6088877953680775515
95
77 D
89 4502747740237575057
62
77
62 7322757940779037831
25 621006325407669300
7
79
7 3687833648189546977
57
73 5864651909964672937
98 7582271315441964278
44
9
19
2
19 967685826445324678
59 D
5
54 D
100 D
60
22
65 6038231906146654367
51
92 6581433852344040473
69
94
69 661503876585126168
97
62 4610344128555939338
39 3120692252786418942
58
62 D
25
25
98
44 8664514308366263289
85
84
48 1987712067331066151
97 2784825094812513970
56
72
58 D
43 D
61
9 2998597426370180099
93
1
69 3084791913373049110
11
94
11
39 D
4
53
100
52
18 2458793961754124644
89
40 8980598965837367605
99 D
59
54 9103759783296638294
74
15 D
13
85 D
72 D
98
41 6340691071480861667
100 1159330986781364380
73 1608511581785583829
83 5798733655265463174
69
73 5008973748216348172
31 273113713278461685
13
57 D
74 D
15 8885248504012519380
69
81
67
12 140501108123916925
79 D
7
98
51 D
48 4383869224269188003
5 4573376834645477559
100 3125688099789674337
44
32
88 1163885510197411978
73
5 6790711802969388332
62 8328330589711202357
85 D
92 4126262195430969100
36 D
87 7560506403195219937
57
2
65 8477248187332707491
67 5022681215927487541
57
81 D
95 7916006691103803941
68
89
45
92
56
91 3705234294297989637
70
36
87
67
34 8623687572454419051
59
63 135334463253527196
87
79
97 7373085239116062252
64
40 4062158483628336365
38
66
3
90
78
44 1928051062429817679
35 9062713369906846620
86 5829730683408285912
89
37
34
91 4466155405171588072
58 2233022393559527908
39
91
14
58
68
25
39 D
93
92 3476253137448192413
21
1
46 1183010254374007274
88
50 D
5 D
58
94
78
76
36
88 7047880356428277393
87
29
87
86 D
60
50
21
68
27
75
21
1 8088813765008756188
20
93 3124287193071142593
86
99
10
12 D
11 7975475502815353861
12
9
39
26
59
14 D
30 4302179213825389387
10
38
11 2399748842979738076
48
2
89 4737946853346240892
12
40 D
74 D
43 5731671561964153560
13 4501083987109891355
70 2084487564193841395
2 D
1 6018042607037096278
69 2852834602415474151
79
37
18
67
56
96 D
50 D
25
40 1288454225650553228
6 8554488607297144818
50
38
46 8848464734804064443
78 4179623829792595864
21 D
16 D
81
47
86
87
49 910081443526336268
92 D
51 D
84
40
69
96
18 6393083526319859165
66
24
93
8 8626836137026600533
70
94
92
93 D
64 D
81 1590390914356109157
3
45
2
37
77
33 8272081937362003321
92 7477141231175379787
23 D
93
49
94
0 7462033109834251683
61 D
61
50
53
53
31
66
3 D
100
64
12
68 5445156775553069409
67 8902864595021673788
24 2628592301928931383
97 4191253041862497424
8
2 3306411112873942129
67 D
57
99 6721214937325509386
46
79
54 D
84 6378466488713012115
47 D
36 D
13 7508460852054758953
77 D
66 381419795761463424
51 D
30
55 858221712188588470
93
14
50
51 7688271841394452945
28 D
88
34 3477187523665694513
28
69
12
32 D
71
56 D
39
15
10 D
47
12 3177173937534643552
57 D
17
20
68
89
45
7
86 383554941809701735
31 5253956469624474422
64
14 3532718263222905731
30 D
50 6691518625075847071
17 D
52 D
51 1323815213246999011
23 4216875143650993663
38 669022555822429996
99
